;  LST file generated by mikroListExporter - v.2.0 
; Date/Time: 5/26/2014 1:25:54 PM
;----------------------------------------------

;Address Opcode 	ASM
0x0000	0x00000004078A  	GOTO	_main
0x0004	0x000000  	0
0x0006	0x000000  	0
0x0008	0x000000  	0
0x000A	0x000000  	0
0x000C	0x000000  	0
0x000E	0x000000  	0
0x0010	0x000000  	0
0x0012	0x000000  	0
0x0014	0x000000  	0
0x0016	0x000000  	0
0x0018	0x000000  	0
0x001A	0x000000  	0
0x001C	0x000000  	0
0x001E	0x000000  	0
0x0020	0x000000  	0
0x0022	0x000000  	0
0x0024	0x000000  	0
0x0026	0x000000  	0
0x0028	0x000000  	0
0x002A	0x000000  	0
0x002C	0x000000  	0
0x002E	0x000000  	0
0x0030	0x000000  	0
0x0032	0x000000  	0
0x0034	0x000000  	0
0x0036	0x000000  	0
0x0038	0x000000  	0
0x003A	0x000000  	0
0x003C	0x000000  	0
0x003E	0x000000  	0
0x0040	0x000000  	0
0x0042	0x000000  	0
0x0044	0x000000  	0
0x0046	0x000000  	0
0x0048	0x000000  	0
0x004A	0x000000  	0
0x004C	0x000000  	0
0x004E	0x000000  	0
0x0050	0x000000  	0
0x0052	0x000000  	0
0x0054	0x000000  	0
0x0056	0x000000  	0
0x0058	0x000000  	0
0x005A	0x000000  	0
0x005C	0x000000  	0
0x005E	0x000000  	0
0x0060	0x000000  	0
0x0062	0x000000  	0
0x0064	0x000000  	0
0x0066	0x000000  	0
0x0068	0x000000  	0
0x006A	0x000000  	0
0x006C	0x000000  	0
0x006E	0x000000  	0
0x0070	0x000000  	0
0x0072	0x000000  	0
0x0074	0x000000  	0
0x0076	0x000000  	0
0x0078	0x000000  	0
0x007A	0x000000  	0
0x007C	0x000000  	0
0x007E	0x000000  	0
0x0080	0x000000  	0
0x0082	0x000000  	0
0x0084	0x000000  	0
0x0086	0x000000  	0
0x0088	0x000000  	0
0x008A	0x000000  	0
0x008C	0x000000  	0
0x008E	0x000000  	0
0x0090	0x000000  	0
0x0092	0x000000  	0
0x0094	0x000000  	0
0x0096	0x000000  	0
0x0098	0x000000  	0
0x009A	0x000000  	0
0x009C	0x000000  	0
0x009E	0x000000  	0
0x00A0	0x000000  	0
0x00A2	0x000000  	0
0x00A4	0x000000  	0
0x00A6	0x000000  	0
0x00A8	0x000000  	0
0x00AA	0x000000  	0
0x00AC	0x000000  	0
0x00AE	0x000000  	0
0x00B0	0x000000  	0
0x00B2	0x000000  	0
0x00B4	0x000000  	0
0x00B6	0x000000  	0
0x00B8	0x000000  	0
0x00BA	0x000000  	0
0x00BC	0x000000  	0
0x00BE	0x000000  	0
0x00C0	0x000000  	0
0x00C2	0x000000  	0
0x00C4	0x000000  	0
0x00C6	0x000000  	0
0x00C8	0x000000  	0
0x00CA	0x000000  	0
0x00CC	0x000000  	0
0x00CE	0x000000  	0
0x00D0	0x000000  	0
0x00D2	0x000000  	0
0x00D4	0x000000  	0
0x00D6	0x000000  	0
0x00D8	0x000000  	0
0x00DA	0x000000  	0
0x00DC	0x000000  	0
0x00DE	0x000000  	0
0x00E0	0x000000  	0
0x00E2	0x000000  	0
0x00E4	0x000000  	0
0x00E6	0x000000  	0
0x00E8	0x000000  	0
0x00EA	0x000000  	0
0x00EC	0x000000  	0
0x00EE	0x000000  	0
0x00F0	0x000000  	0
0x00F2	0x000000  	0
0x00F4	0x000000  	0
0x00F6	0x000000  	0
0x00F8	0x000000  	0
0x00FA	0x000000  	0
0x00FC	0x000000  	0
0x00FE	0x000000  	0
_main:
0x078A	0x208B4F  	MOV	#2228, W15
0x078C	0x227FF0  	MOV	#10239, W0
0x078E	0xB7A020  	MOV	WREG, SPLIM
0x0790	0x200010  	MOV	#1, W0
0x0792	0xB7A034  	MOV	WREG, PSVPAG
0x0794	0x200040  	MOV	#4, W0
0x0796	0xB72044  	IOR	CORCON
0x0798	0x0000000207C2  	CALL	1986
;microPiano.c,179 :: 		void main() {
;microPiano.c,180 :: 		ADPCFG = 0xFFFF;      // Configure AN pins as digital
0x079C	0x781F8A  	PUSH	W10
0x079E	0x781F8B  	PUSH	W11
0x07A0	0x2FFFF0  	MOV	#65535, W0
0x07A2	0xB7A2A8  	MOV	WREG, ADPCFG
;microPiano.c,181 :: 		TRISG = 0xffff;
0x07A4	0x2FFFF0  	MOV	#65535, W0
0x07A6	0xB7A2E4  	MOV	WREG, TRISG
;microPiano.c,182 :: 		Glcd_init();
0x07A8	0x07FEE8  	RCALL	_Glcd_Init
;microPiano.c,184 :: 		clrscr();
0x07AA	0x07FF32  	RCALL	_clrscr
;microPiano.c,186 :: 		GLCDWelcome();
0x07AC	0x07FF13  	RCALL	_GLCDWelcome
;microPiano.c,189 :: 		GLCDFirstSong();
0x07AE	0x07FFBF  	RCALL	_GLCDFirstSong
;microPiano.c,191 :: 		PORTC = 0xAA;
0x07B0	0x200AA0  	MOV	#170, W0
0x07B2	0xB7A2CE  	MOV	WREG, PORTC
;microPiano.c,192 :: 		Sound_Init(&PORTC, 1);
0x07B4	0x20001B  	MOV	#1, W11
0x07B6	0x202CEA  	MOV	#lo_addr(PORTC), W10
0x07B8	0x07FFAB  	RCALL	_Sound_Init
;microPiano.c,195 :: 		startPiano();
0x07BA	0x07FF2F  	RCALL	_startPiano
;microPiano.c,196 :: 		}
L_end_main:
0x07BC	0x7805CF  	POP	W11
0x07BE	0x78054F  	POP	W10
L__main_end_loop:
0x07C0	0x37FFFF  	BRA	L__main_end_loop
; end of _main
_Glcd_Init:
0x057A	0xFA0000  	LNK	#0
;__Lib_Glcd.c,206 :: 		
;__Lib_Glcd.c,207 :: 		
0x057C	0x781F8A  	PUSH	W10
0x057E	0x208A51  	MOV	#lo_addr(__Lib_Glcd_FontInitialized), W1
0x0580	0xEF2000  	CLR	W0
0x0582	0x784880  	MOV.B	W0, [W1]
;__Lib_Glcd.c,208 :: 		
0x0584	0xEF2000  	CLR	W0
0x0586	0x884590  	MOV	W0, __Lib_Glcd_ExternalFontSet
;__Lib_Glcd.c,210 :: 		
0x0588	0xA982C6  	BCLR	GLCD_RST_Direction, BitPos(GLCD_RST_Direction+0)
;__Lib_Glcd.c,211 :: 		
0x058A	0xA9A2C6  	BCLR	GLCD_EN_Direction, BitPos(GLCD_EN_Direction+0)
;__Lib_Glcd.c,212 :: 		
0x058C	0xA942C6  	BCLR	GLCD_RS_Direction, BitPos(GLCD_RS_Direction+0)
;__Lib_Glcd.c,213 :: 		
0x058E	0xA962C6  	BCLR	GLCD_RW_Direction, BitPos(GLCD_RW_Direction+0)
;__Lib_Glcd.c,214 :: 		
0x0590	0xA902C6  	BCLR	GLCD_CS1_Direction, BitPos(GLCD_CS1_Direction+0)
;__Lib_Glcd.c,215 :: 		
0x0592	0xA922C6  	BCLR	GLCD_CS2_Direction, BitPos(GLCD_CS2_Direction+0)
;__Lib_Glcd.c,218 :: 		
0x0594	0xA982CA  	BCLR	GLCD_RST, BitPos(GLCD_RST+0)
;__Lib_Glcd.c,224 :: 		
0x0596	0xA9E2D2  	BCLR	GLCD_D7_Direction, BitPos(GLCD_D7_Direction+0)
;__Lib_Glcd.c,225 :: 		
0x0598	0xA9C2D2  	BCLR	GLCD_D6_Direction, BitPos(GLCD_D6_Direction+0)
;__Lib_Glcd.c,226 :: 		
0x059A	0xA9A2D2  	BCLR	GLCD_D5_Direction, BitPos(GLCD_D5_Direction+0)
;__Lib_Glcd.c,227 :: 		
0x059C	0xA982D2  	BCLR	GLCD_D4_Direction, BitPos(GLCD_D4_Direction+0)
;__Lib_Glcd.c,228 :: 		
0x059E	0xA962D2  	BCLR	GLCD_D3_Direction, BitPos(GLCD_D3_Direction+0)
;__Lib_Glcd.c,229 :: 		
0x05A0	0xA942D2  	BCLR	GLCD_D2_Direction, BitPos(GLCD_D2_Direction+0)
;__Lib_Glcd.c,230 :: 		
0x05A2	0xA922D2  	BCLR	GLCD_D1_Direction, BitPos(GLCD_D1_Direction+0)
;__Lib_Glcd.c,231 :: 		
0x05A4	0xA902D2  	BCLR	GLCD_D0_Direction, BitPos(GLCD_D0_Direction+0)
;__Lib_Glcd.c,241 :: 		
0x05A6	0xA942CA  	BCLR	GLCD_RS, BitPos(GLCD_RS+0)
;__Lib_Glcd.c,242 :: 		
0x05A8	0xA962CA  	BCLR	GLCD_RW, BitPos(GLCD_RW+0)
;__Lib_Glcd.c,244 :: 		
0x05AA	0xA902CA  	BCLR	GLCD_CS1, BitPos(GLCD_CS1+0)
;__Lib_Glcd.c,245 :: 		
0x05AC	0xA822CA  	BSET	GLCD_CS2, BitPos(GLCD_CS2+0)
;__Lib_Glcd.c,247 :: 		
0x05AE	0xA882CA  	BSET	GLCD_RST, BitPos(GLCD_RST+0)
;__Lib_Glcd.c,250 :: 		
0x05B0	0x07FFB8  	RCALL	_Delay_1us
;__Lib_Glcd.c,257 :: 		
0x05B2	0xB3C3FA  	MOV.B	#63, W10
0x05B4	0x07FF64  	RCALL	__Lib_Glcd_Write_To_Pins
;__Lib_Glcd.c,258 :: 		
0x05B6	0x07FF5C  	RCALL	__Lib_Glcd_Strobe
;__Lib_Glcd.c,262 :: 		
0x05B8	0xB3CC0A  	MOV.B	#192, W10
0x05BA	0x07FF61  	RCALL	__Lib_Glcd_Write_To_Pins
;__Lib_Glcd.c,263 :: 		
0x05BC	0x07FF59  	RCALL	__Lib_Glcd_Strobe
;__Lib_Glcd.c,265 :: 		
0x05BE	0xA802CA  	BSET	GLCD_CS1, BitPos(GLCD_CS1+0)
;__Lib_Glcd.c,266 :: 		
0x05C0	0xA922CA  	BCLR	GLCD_CS2, BitPos(GLCD_CS2+0)
;__Lib_Glcd.c,270 :: 		
0x05C2	0xB3C3FA  	MOV.B	#63, W10
0x05C4	0x07FF5C  	RCALL	__Lib_Glcd_Write_To_Pins
;__Lib_Glcd.c,271 :: 		
0x05C6	0x07FF54  	RCALL	__Lib_Glcd_Strobe
;__Lib_Glcd.c,276 :: 		
0x05C8	0xB3CC0A  	MOV.B	#192, W10
0x05CA	0x07FF59  	RCALL	__Lib_Glcd_Write_To_Pins
;__Lib_Glcd.c,277 :: 		
0x05CC	0x07FF51  	RCALL	__Lib_Glcd_Strobe
;__Lib_Glcd.c,279 :: 		
L_end_Glcd_Init:
0x05CE	0x78054F  	POP	W10
0x05D0	0xFA8000  	ULNK
0x05D2	0x060000  	RETURN
; end of _Glcd_Init
_Delay_1us:
;__Lib_Delays.c,380 :: 		void Delay_1us()
;__Lib_Delays.c,382 :: 		Delay_us(1);
0x0522	0x200067  	MOV	#6, W7
L_Delay_1us11:
0x0524	0xED200E  	DEC	W7
0x0526	0x3AFFFE  	BRA NZ	L_Delay_1us11
0x0528	0x000000  	NOP
0x052A	0x000000  	NOP
;__Lib_Delays.c,383 :: 		}
L_end_Delay_1us:
0x052C	0x060000  	RETURN
; end of _Delay_1us
__Lib_Glcd_Write_To_Pins:
0x047E	0xFA0000  	LNK	#0
;__Lib_Glcd.c,34 :: 		
;__Lib_Glcd.c,36 :: 		
0x0480	0xAEE014  	BTSS.B	W10, #7
0x0482	0xA9E2D4  	BCLR	GLCD_D7, BitPos(GLCD_D7+0)
0x0484	0xAFE014  	BTSC.B	W10, #7
0x0486	0xA8E2D4  	BSET	GLCD_D7, BitPos(GLCD_D7+0)
;__Lib_Glcd.c,37 :: 		
0x0488	0x000000  	NOP
;__Lib_Glcd.c,38 :: 		
0x048A	0xAEC014  	BTSS.B	W10, #6
0x048C	0xA9C2D4  	BCLR	GLCD_D6, BitPos(GLCD_D6+0)
0x048E	0xAFC014  	BTSC.B	W10, #6
0x0490	0xA8C2D4  	BSET	GLCD_D6, BitPos(GLCD_D6+0)
;__Lib_Glcd.c,39 :: 		
0x0492	0x000000  	NOP
;__Lib_Glcd.c,40 :: 		
0x0494	0xAEA014  	BTSS.B	W10, #5
0x0496	0xA9A2D4  	BCLR	GLCD_D5, BitPos(GLCD_D5+0)
0x0498	0xAFA014  	BTSC.B	W10, #5
0x049A	0xA8A2D4  	BSET	GLCD_D5, BitPos(GLCD_D5+0)
;__Lib_Glcd.c,41 :: 		
0x049C	0x000000  	NOP
;__Lib_Glcd.c,42 :: 		
0x049E	0xAE8014  	BTSS.B	W10, #4
0x04A0	0xA982D4  	BCLR	GLCD_D4, BitPos(GLCD_D4+0)
0x04A2	0xAF8014  	BTSC.B	W10, #4
0x04A4	0xA882D4  	BSET	GLCD_D4, BitPos(GLCD_D4+0)
;__Lib_Glcd.c,43 :: 		
0x04A6	0x000000  	NOP
;__Lib_Glcd.c,44 :: 		
0x04A8	0xAE6014  	BTSS.B	W10, #3
0x04AA	0xA962D4  	BCLR	GLCD_D3, BitPos(GLCD_D3+0)
0x04AC	0xAF6014  	BTSC.B	W10, #3
0x04AE	0xA862D4  	BSET	GLCD_D3, BitPos(GLCD_D3+0)
;__Lib_Glcd.c,45 :: 		
0x04B0	0x000000  	NOP
;__Lib_Glcd.c,46 :: 		
0x04B2	0xAE4014  	BTSS.B	W10, #2
0x04B4	0xA942D4  	BCLR	GLCD_D2, BitPos(GLCD_D2+0)
0x04B6	0xAF4014  	BTSC.B	W10, #2
0x04B8	0xA842D4  	BSET	GLCD_D2, BitPos(GLCD_D2+0)
;__Lib_Glcd.c,47 :: 		
0x04BA	0x000000  	NOP
;__Lib_Glcd.c,48 :: 		
0x04BC	0xAE2014  	BTSS.B	W10, #1
0x04BE	0xA922D4  	BCLR	GLCD_D1, BitPos(GLCD_D1+0)
0x04C0	0xAF2014  	BTSC.B	W10, #1
0x04C2	0xA822D4  	BSET	GLCD_D1, BitPos(GLCD_D1+0)
;__Lib_Glcd.c,49 :: 		
0x04C4	0x000000  	NOP
;__Lib_Glcd.c,50 :: 		
0x04C6	0xAE0014  	BTSS.B	W10, #0
0x04C8	0xA902D4  	BCLR	GLCD_D0, BitPos(GLCD_D0+0)
0x04CA	0xAF0014  	BTSC.B	W10, #0
0x04CC	0xA802D4  	BSET	GLCD_D0, BitPos(GLCD_D0+0)
;__Lib_Glcd.c,51 :: 		
0x04CE	0x000000  	NOP
;__Lib_Glcd.c,52 :: 		
L_end_Write_To_Pins:
0x04D0	0xFA8000  	ULNK
0x04D2	0x060000  	RETURN
; end of __Lib_Glcd_Write_To_Pins
__Lib_Glcd_Strobe:
0x0470	0xFA0000  	LNK	#0
;__Lib_Glcd.c,55 :: 		
;__Lib_Glcd.c,56 :: 		
0x0472	0x07FF61  	RCALL	_Delay_10us
;__Lib_Glcd.c,57 :: 		
0x0474	0xA8A2CA  	BSET	GLCD_EN, BitPos(GLCD_EN+0)
;__Lib_Glcd.c,58 :: 		
0x0476	0x07FF5F  	RCALL	_Delay_10us
;__Lib_Glcd.c,59 :: 		
0x0478	0xA9A2CA  	BCLR	GLCD_EN, BitPos(GLCD_EN+0)
;__Lib_Glcd.c,60 :: 		
L_end_Strobe:
0x047A	0xFA8000  	ULNK
0x047C	0x060000  	RETURN
; end of __Lib_Glcd_Strobe
_Delay_10us:
;__Lib_Delays.c,406 :: 		void Delay_10us()
;__Lib_Delays.c,408 :: 		Delay_us(10);
0x0336	0x200427  	MOV	#66, W7
L_Delay_10us13:
0x0338	0xED200E  	DEC	W7
0x033A	0x3AFFFE  	BRA NZ	L_Delay_10us13
0x033C	0x000000  	NOP
0x033E	0x000000  	NOP
;__Lib_Delays.c,409 :: 		}
L_end_Delay_10us:
0x0340	0x060000  	RETURN
; end of _Delay_10us
_clrscr:
;microPiano.c,52 :: 		void clrscr(){
;microPiano.c,53 :: 		Glcd_Fill(0x00);
0x0610	0x781F8A  	PUSH	W10
0x0612	0xEF2014  	CLR	W10
0x0614	0x07FF5F  	RCALL	_Glcd_Fill
;microPiano.c,54 :: 		}
L_end_clrscr:
0x0616	0x78054F  	POP	W10
0x0618	0x060000  	RETURN
; end of _clrscr
_Glcd_Fill:
0x04D4	0xFA0000  	LNK	#0
;__Lib_Glcd.c,182 :: 		
;__Lib_Glcd.c,185 :: 		
0x04D6	0xA902CA  	BCLR	GLCD_CS1, BitPos(GLCD_CS1+0)
;__Lib_Glcd.c,186 :: 		
0x04D8	0xA822CA  	BSET	GLCD_CS2, BitPos(GLCD_CS2+0)
;__Lib_Glcd.c,188 :: 		
; page start address is: 4 (W2)
0x04DA	0xEF2004  	CLR	W2
; page end address is: 4 (W2)
L_Glcd_Fill2:
; page start address is: 4 (W2)
0x04DC	0xE11067  	CP	W2, #7
0x04DE	0x3E000D  	BRA GTU	L_Glcd_Fill3
L__Glcd_Fill400:
;__Lib_Glcd.c,189 :: 		
0x04E0	0x781F8A  	PUSH	W10
0x04E2	0x784502  	MOV.B	W2, W10
0x04E4	0x07FF3C  	RCALL	_Glcd_Set_Page
0x04E6	0x78054F  	POP	W10
;__Lib_Glcd.c,191 :: 		
; yy start address is: 2 (W1)
0x04E8	0xEF2002  	CLR	W1
; yy end address is: 2 (W1)
; page end address is: 4 (W2)
L_Glcd_Fill5:
; yy start address is: 2 (W1)
; page start address is: 4 (W2)
0x04EA	0x2003F0  	MOV	#63, W0
0x04EC	0xE10800  	CP	W1, W0
0x04EE	0x3E0003  	BRA GTU	L_Glcd_Fill6
L__Glcd_Fill401:
;__Lib_Glcd.c,192 :: 		
0x04F0	0x07FE83  	RCALL	_Glcd_Write_Data
;__Lib_Glcd.c,191 :: 		
0x04F2	0xEC2002  	INC	W1
;__Lib_Glcd.c,194 :: 		
; yy end address is: 2 (W1)
0x04F4	0x37FFFA  	BRA	L_Glcd_Fill5
L_Glcd_Fill6:
;__Lib_Glcd.c,188 :: 		
0x04F6	0xEC2004  	INC	W2
;__Lib_Glcd.c,195 :: 		
; page end address is: 4 (W2)
0x04F8	0x37FFF1  	BRA	L_Glcd_Fill2
L_Glcd_Fill3:
;__Lib_Glcd.c,197 :: 		
0x04FA	0xA922CA  	BCLR	GLCD_CS2, BitPos(GLCD_CS2+0)
0x04FC	0xA802CA  	BSET	GLCD_CS1, BitPos(GLCD_CS1+0)
;__Lib_Glcd.c,198 :: 		
; page start address is: 4 (W2)
0x04FE	0xEF2004  	CLR	W2
; page end address is: 4 (W2)
L_Glcd_Fill8:
; page start address is: 4 (W2)
0x0500	0xE11067  	CP	W2, #7
0x0502	0x3E000D  	BRA GTU	L_Glcd_Fill9
L__Glcd_Fill402:
;__Lib_Glcd.c,199 :: 		
0x0504	0x781F8A  	PUSH	W10
0x0506	0x784502  	MOV.B	W2, W10
0x0508	0x07FF2A  	RCALL	_Glcd_Set_Page
0x050A	0x78054F  	POP	W10
;__Lib_Glcd.c,200 :: 		
; yy start address is: 2 (W1)
0x050C	0xEF2002  	CLR	W1
; yy end address is: 2 (W1)
; page end address is: 4 (W2)
L_Glcd_Fill11:
; yy start address is: 2 (W1)
; page start address is: 4 (W2)
0x050E	0x2003F0  	MOV	#63, W0
0x0510	0xE10800  	CP	W1, W0
0x0512	0x3E0003  	BRA GTU	L_Glcd_Fill12
L__Glcd_Fill403:
;__Lib_Glcd.c,201 :: 		
0x0514	0x07FE71  	RCALL	_Glcd_Write_Data
;__Lib_Glcd.c,200 :: 		
0x0516	0xEC2002  	INC	W1
;__Lib_Glcd.c,201 :: 		
; yy end address is: 2 (W1)
0x0518	0x37FFFA  	BRA	L_Glcd_Fill11
L_Glcd_Fill12:
;__Lib_Glcd.c,198 :: 		
0x051A	0xEC2004  	INC	W2
;__Lib_Glcd.c,202 :: 		
; page end address is: 4 (W2)
0x051C	0x37FFF1  	BRA	L_Glcd_Fill8
L_Glcd_Fill9:
;__Lib_Glcd.c,203 :: 		
L_end_Glcd_Fill:
0x051E	0xFA8000  	ULNK
0x0520	0x060000  	RETURN
; end of _Glcd_Fill
_Glcd_Set_Page:
0x035E	0xFA0000  	LNK	#0
;__Lib_Glcd.c,63 :: 		
;__Lib_Glcd.c,65 :: 		
0x0360	0x781F8A  	PUSH	W10
0x0362	0xA942CA  	BCLR	GLCD_RS, BitPos(GLCD_RS+0)
;__Lib_Glcd.c,66 :: 		
0x0364	0xA962CA  	BCLR	GLCD_RW, BitPos(GLCD_RW+0)
;__Lib_Glcd.c,68 :: 		
0x0366	0xFB808A  	ZE	W10, W1
0x0368	0x200B80  	MOV	#184, W0
0x036A	0x708000  	IOR	W1, W0, W0
0x036C	0x784500  	MOV.B	W0, W10
0x036E	0x070087  	RCALL	__Lib_Glcd_Write_To_Pins
;__Lib_Glcd.c,69 :: 		
0x0370	0x07007F  	RCALL	__Lib_Glcd_Strobe
;__Lib_Glcd.c,70 :: 		
L_end_Glcd_Set_Page:
0x0372	0x78054F  	POP	W10
0x0374	0xFA8000  	ULNK
0x0376	0x060000  	RETURN
; end of _Glcd_Set_Page
_Glcd_Write_Data:
0x01F8	0xFA0000  	LNK	#0
;__Lib_Glcd.c,169 :: 		
;__Lib_Glcd.c,171 :: 		
0x01FA	0xA9A2CA  	BCLR	GLCD_EN, BitPos(GLCD_EN+0)
;__Lib_Glcd.c,172 :: 		
0x01FC	0xA842CA  	BSET	GLCD_RS, BitPos(GLCD_RS+0)
;__Lib_Glcd.c,173 :: 		
0x01FE	0xA962CA  	BCLR	GLCD_RW, BitPos(GLCD_RW+0)
;__Lib_Glcd.c,176 :: 		
0x0200	0x07013E  	RCALL	__Lib_Glcd_Write_To_Pins
;__Lib_Glcd.c,178 :: 		
0x0202	0x070136  	RCALL	__Lib_Glcd_Strobe
;__Lib_Glcd.c,179 :: 		
L_end_Glcd_Write_Data:
0x0204	0xFA8000  	ULNK
0x0206	0x060000  	RETURN
; end of _Glcd_Write_Data
_GLCDWelcome:
;microPiano.c,157 :: 		void GLCDWelcome(){
;microPiano.c,159 :: 		welcome = "Welcome to MicroPiano";
0x05D4	0x781F8A  	PUSH	W10
0x05D6	0x781F8B  	PUSH	W11
0x05D8	0x781F8C  	PUSH	W12
0x05DA	0x781F8D  	PUSH	W13
; welcome start address is: 6 (W3)
0x05DC	0x2088D3  	MOV	#lo_addr(?lstr11_microPiano), W3
;microPiano.c,160 :: 		clrscr();
0x05DE	0x070018  	RCALL	_clrscr
;microPiano.c,162 :: 		Glcd_Write_Text(welcome,2,1,2);
0x05E0	0xB3C02D  	MOV.B	#2, W13
0x05E2	0xB3C01C  	MOV.B	#1, W12
0x05E4	0xB3C02B  	MOV.B	#2, W11
0x05E6	0x780503  	MOV	W3, W10
; welcome end address is: 6 (W3)
0x05E8	0x07FFA2  	RCALL	_Glcd_Write_Text
;microPiano.c,165 :: 		welcome = "Song is loading";
; welcome start address is: 0 (W0)
0x05EA	0x2086A0  	MOV	#lo_addr(?lstr12_microPiano), W0
;microPiano.c,166 :: 		Glcd_Write_Text(welcome,2,3,2);
0x05EC	0xB3C02D  	MOV.B	#2, W13
0x05EE	0xB3C03C  	MOV.B	#3, W12
0x05F0	0xB3C02B  	MOV.B	#2, W11
0x05F2	0x780500  	MOV	W0, W10
; welcome end address is: 0 (W0)
0x05F4	0x07FF9C  	RCALL	_Glcd_Write_Text
;microPiano.c,169 :: 		welcome = "Project by Burak&Mali";
; welcome start address is: 0 (W0)
0x05F6	0x208540  	MOV	#lo_addr(?lstr13_microPiano), W0
;microPiano.c,170 :: 		Glcd_Write_Text(welcome,2,4,2);
0x05F8	0xB3C02D  	MOV.B	#2, W13
0x05FA	0xB3C04C  	MOV.B	#4, W12
0x05FC	0xB3C02B  	MOV.B	#2, W11
0x05FE	0x780500  	MOV	W0, W10
; welcome end address is: 0 (W0)
0x0600	0x07FF96  	RCALL	_Glcd_Write_Text
;microPiano.c,173 :: 		delay1();
0x0602	0x07FF2E  	RCALL	_delay1
;microPiano.c,176 :: 		clrscr();
0x0604	0x070005  	RCALL	_clrscr
;microPiano.c,177 :: 		}
L_end_GLCDWelcome:
0x0606	0x7806CF  	POP	W13
0x0608	0x78064F  	POP	W12
0x060A	0x7805CF  	POP	W11
0x060C	0x78054F  	POP	W10
0x060E	0x060000  	RETURN
; end of _GLCDWelcome
_Glcd_Write_Text:
0x052E	0xFA0000  	LNK	#0
;__Lib_Glcd.c,361 :: 		
;__Lib_Glcd.c,364 :: 		
; i start address is: 4 (W2)
0x0530	0xEF2004  	CLR	W2
;__Lib_Glcd.c,366 :: 		
0x0532	0x208A50  	MOV	#lo_addr(__Lib_Glcd_FontInitialized), W0
0x0534	0x784010  	MOV.B	[W0], W0
0x0536	0xE10460  	CP.B	W0, #0
0x0538	0x3A000C  	BRA NZ	L_Glcd_Write_Text28
L__Glcd_Write_Text416:
;__Lib_Glcd.c,368 :: 		
0x053A	0x208A31  	MOV	#lo_addr(__Lib_Glcd_fontW), W1
0x053C	0xB3C050  	MOV.B	#5, W0
0x053E	0x784880  	MOV.B	W0, [W1]
;__Lib_Glcd.c,369 :: 		
0x0540	0x208A41  	MOV	#lo_addr(__Lib_Glcd_fontH), W1
0x0542	0xB3C070  	MOV.B	#7, W0
0x0544	0x784880  	MOV.B	W0, [W1]
;__Lib_Glcd.c,370 :: 		
0x0546	0x280000  	MOV	#lo_addr(_font5x7), W0
0x0548	0x884530  	MOV	W0, __Lib_Glcd_fontDef
0x054A	0x200010  	MOV	#1, W0
0x054C	0x884540  	MOV	W0, __Lib_Glcd_fontDef+2
;__Lib_Glcd.c,371 :: 		
0x054E	0x200200  	MOV	#32, W0
0x0550	0x884570  	MOV	W0, __Lib_Glcd_fontOffset
;__Lib_Glcd.c,372 :: 		
L_Glcd_Write_Text28:
;__Lib_Glcd.c,375 :: 		
L_Glcd_Write_Text29:
; i end address is: 4 (W2)
; i start address is: 4 (W2)
0x0552	0x450002  	ADD	W10, W2, W0
0x0554	0xE00410  	CP0.B	[W0]
0x0556	0x32000F  	BRA Z	L_Glcd_Write_Text30
L__Glcd_Write_Text417:
;__Lib_Glcd.c,376 :: 		
0x0558	0x450002  	ADD	W10, W2, W0
0x055A	0x781F82  	PUSH	W2
0x055C	0xBE9F8A  	PUSH.D	W10
0x055E	0x784510  	MOV.B	[W0], W10
0x0560	0x07FE7F  	RCALL	_Glcd_Write_Char
0x0562	0xBE054F  	POP.D	W10
0x0564	0x78014F  	POP	W2
;__Lib_Glcd.c,377 :: 		
0x0566	0x208A30  	MOV	#lo_addr(__Lib_Glcd_fontW), W0
0x0568	0xFB8010  	ZE	[W0], W0
0x056A	0x4000E1  	ADD	W0, #1, W1
0x056C	0xFB800B  	ZE	W11, W0
0x056E	0x400001  	ADD	W0, W1, W0
0x0570	0x784580  	MOV.B	W0, W11
;__Lib_Glcd.c,378 :: 		
0x0572	0xEC2004  	INC	W2
;__Lib_Glcd.c,379 :: 		
; i end address is: 4 (W2)
0x0574	0x37FFEE  	BRA	L_Glcd_Write_Text29
L_Glcd_Write_Text30:
;__Lib_Glcd.c,380 :: 		
L_end_Glcd_Write_Text:
0x0576	0xFA8000  	ULNK
0x0578	0x060000  	RETURN
; end of _Glcd_Write_Text
_Glcd_Write_Char:
0x0260	0xFA0002  	LNK	#2
;__Lib_Glcd.c,295 :: 		
;__Lib_Glcd.c,300 :: 		
0x0262	0x781F8A  	PUSH	W10
0x0264	0xE16467  	CP.B	W12, #7
0x0266	0x360001  	BRA LEU	L_Glcd_Write_Char14
L__Glcd_Write_Char407:
;__Lib_Glcd.c,301 :: 		
0x0268	0x370063  	BRA	L_end_Glcd_Write_Char
L_Glcd_Write_Char14:
;__Lib_Glcd.c,303 :: 		
0x026A	0xFB808A  	ZE	W10, W1
0x026C	0x208AE0  	MOV	#lo_addr(__Lib_Glcd_fontOffset), W0
0x026E	0x508090  	SUB	W1, [W0], W1
0x0270	0x208A30  	MOV	#lo_addr(__Lib_Glcd_fontW), W0
0x0272	0xFB8010  	ZE	[W0], W0
0x0274	0xB80800  	MUL.UU	W1, W0, W0
; pointer start address is: 12 (W6)
0x0276	0x780300  	MOV	W0, W6
;__Lib_Glcd.c,305 :: 		
0x0278	0x78450B  	MOV.B	W11, W10
0x027A	0x07FF42  	RCALL	_Glcd_Set_X
;__Lib_Glcd.c,306 :: 		
0x027C	0x78450C  	MOV.B	W12, W10
0x027E	0x07006F  	RCALL	_Glcd_Set_Page
;__Lib_Glcd.c,308 :: 		
; ii start address is: 10 (W5)
0x0280	0xEF200A  	CLR	W5
; pointer end address is: 12 (W6)
; ii end address is: 10 (W5)
L_Glcd_Write_Char15:
; ii start address is: 10 (W5)
; pointer start address is: 12 (W6)
0x0282	0x208A30  	MOV	#lo_addr(__Lib_Glcd_fontW), W0
0x0284	0xFB8010  	ZE	[W0], W0
0x0286	0xE12800  	CP	W5, W0
0x0288	0x310038  	BRA GEU	L_Glcd_Write_Char16
L__Glcd_Write_Char408:
;__Lib_Glcd.c,309 :: 		
0x028A	0xB3C7F0  	MOV.B	#127, W0
0x028C	0xE15C00  	CP.B	W11, W0
0x028E	0x360001  	BRA LEU	L_Glcd_Write_Char18
L__Glcd_Write_Char409:
; pointer end address is: 12 (W6)
; ii end address is: 10 (W5)
;__Lib_Glcd.c,310 :: 		
0x0290	0x37004F  	BRA	L_end_Glcd_Write_Char
L_Glcd_Write_Char18:
;__Lib_Glcd.c,312 :: 		
; ii start address is: 10 (W5)
; pointer start address is: 12 (W6)
0x0292	0x781F8A  	PUSH	W10
0x0294	0x78450B  	MOV.B	W11, W10
0x0296	0x07FF4A  	RCALL	_Glcd_Set_Side
;__Lib_Glcd.c,313 :: 		
0x0298	0x78450C  	MOV.B	W12, W10
0x029A	0x070061  	RCALL	_Glcd_Set_Page
;__Lib_Glcd.c,314 :: 		
0x029C	0x78450B  	MOV.B	W11, W10
0x029E	0x07FF30  	RCALL	_Glcd_Set_X
0x02A0	0x78054F  	POP	W10
;__Lib_Glcd.c,316 :: 		
0x02A2	0x07FF52  	RCALL	_Glcd_Read_Data
0x02A4	0x984700  	MOV.B	W0, [W14+0]
;__Lib_Glcd.c,317 :: 		
0x02A6	0x07FF50  	RCALL	_Glcd_Read_Data
0x02A8	0x984700  	MOV.B	W0, [W14+0]
;__Lib_Glcd.c,319 :: 		
0x02AA	0x781F8A  	PUSH	W10
0x02AC	0x78450B  	MOV.B	W11, W10
0x02AE	0x07FF3E  	RCALL	_Glcd_Set_Side
;__Lib_Glcd.c,320 :: 		
0x02B0	0x78450C  	MOV.B	W12, W10
0x02B2	0x070055  	RCALL	_Glcd_Set_Page
;__Lib_Glcd.c,321 :: 		
0x02B4	0x78450B  	MOV.B	W11, W10
0x02B6	0x07FF24  	RCALL	_Glcd_Set_X
0x02B8	0x78054F  	POP	W10
;__Lib_Glcd.c,324 :: 		
0x02BA	0x780186  	MOV	W6, W3
0x02BC	0xDE9A4F  	ASR	W3, #15, W4
0x02BE	0x208A62  	MOV	#lo_addr(__Lib_Glcd_fontDef), W2
0x02C0	0x418032  	ADD	W3, [W2++], W0
0x02C2	0x4A00A2  	ADDC	W4, [W2--], W1
0x02C4	0x784010  	MOV.B	[W0], W0
; font_ch start address is: 4 (W2)
0x02C6	0x784100  	MOV.B	W0, W2
0x02C8	0xEC200C  	INC	W6
;__Lib_Glcd.c,325 :: 		
; font_ch_inv start address is: 0 (W0)
0x02CA	0xEEE000  	COM.B	W0
;__Lib_Glcd.c,328 :: 		
0x02CC	0x370008  	BRA	L_Glcd_Write_Char19
; font_ch end address is: 4 (W2)
;__Lib_Glcd.c,329 :: 		
L_Glcd_Write_Char21:
0x02CE	0x984700  	MOV.B	W0, [W14+0]
; font_ch_inv end address is: 0 (W0)
0x02D0	0x37000C  	BRA	L_Glcd_Write_Char20
;__Lib_Glcd.c,330 :: 		
L_Glcd_Write_Char22:
; font_ch start address is: 4 (W2)
0x02D2	0x984702  	MOV.B	W2, [W14+0]
; font_ch end address is: 4 (W2)
0x02D4	0x37000A  	BRA	L_Glcd_Write_Char20
;__Lib_Glcd.c,331 :: 		
L_Glcd_Write_Char23:
; font_ch start address is: 4 (W2)
0x02D6	0x4700E0  	ADD	W14, #0, W1
0x02D8	0x470060  	ADD	W14, #0, W0
0x02DA	0x694811  	XOR.B	W2, [W1], [W0]
; font_ch end address is: 4 (W2)
;__Lib_Glcd.c,332 :: 		
0x02DC	0x370006  	BRA	L_Glcd_Write_Char20
L_Glcd_Write_Char19:
; font_ch_inv start address is: 0 (W0)
; font_ch start address is: 4 (W2)
0x02DE	0xE16C60  	CP.B	W13, #0
0x02E0	0x32FFF6  	BRA Z	L_Glcd_Write_Char21
L__Glcd_Write_Char410:
; font_ch_inv end address is: 0 (W0)
0x02E2	0xE16C61  	CP.B	W13, #1
0x02E4	0x32FFF6  	BRA Z	L_Glcd_Write_Char22
L__Glcd_Write_Char411:
0x02E6	0xE16C62  	CP.B	W13, #2
0x02E8	0x32FFF6  	BRA Z	L_Glcd_Write_Char23
L__Glcd_Write_Char412:
; font_ch end address is: 4 (W2)
L_Glcd_Write_Char20:
;__Lib_Glcd.c,334 :: 		
0x02EA	0x781F8A  	PUSH	W10
0x02EC	0x90450E  	MOV.B	[W14+0], W10
0x02EE	0x07FF84  	RCALL	_Glcd_Write_Data
0x02F0	0x78054F  	POP	W10
;__Lib_Glcd.c,335 :: 		
0x02F2	0x45C061  	ADD.B	W11, #1, W0
0x02F4	0x784580  	MOV.B	W0, W11
;__Lib_Glcd.c,308 :: 		
0x02F6	0xEC200A  	INC	W5
;__Lib_Glcd.c,336 :: 		
; pointer end address is: 12 (W6)
; ii end address is: 10 (W5)
0x02F8	0x37FFC4  	BRA	L_Glcd_Write_Char15
L_Glcd_Write_Char16:
;__Lib_Glcd.c,339 :: 		
0x02FA	0x781F8A  	PUSH	W10
0x02FC	0x78450B  	MOV.B	W11, W10
0x02FE	0x07FF16  	RCALL	_Glcd_Set_Side
;__Lib_Glcd.c,340 :: 		
0x0300	0x78450C  	MOV.B	W12, W10
0x0302	0x07002D  	RCALL	_Glcd_Set_Page
;__Lib_Glcd.c,341 :: 		
0x0304	0x78450B  	MOV.B	W11, W10
0x0306	0x07FEFC  	RCALL	_Glcd_Set_X
0x0308	0x78054F  	POP	W10
;__Lib_Glcd.c,343 :: 		
; font_ch start address is: 0 (W0)
0x030A	0xB3CFF0  	MOV.B	#255, W0
;__Lib_Glcd.c,344 :: 		
; font_ch_inv start address is: 2 (W1)
0x030C	0xEF2002  	CLR	W1
;__Lib_Glcd.c,346 :: 		
0x030E	0x37000C  	BRA	L_Glcd_Write_Char24
; font_ch_inv end address is: 2 (W1)
;__Lib_Glcd.c,347 :: 		
L_Glcd_Write_Char26:
;__Lib_Glcd.c,348 :: 		
0x0310	0x984700  	MOV.B	W0, [W14+0]
;__Lib_Glcd.c,349 :: 		
0x0312	0x781F8A  	PUSH	W10
; font_ch end address is: 0 (W0)
0x0314	0x784500  	MOV.B	W0, W10
0x0316	0x07FF70  	RCALL	_Glcd_Write_Data
0x0318	0x78054F  	POP	W10
;__Lib_Glcd.c,350 :: 		
0x031A	0x37000A  	BRA	L_Glcd_Write_Char25
;__Lib_Glcd.c,351 :: 		
L_Glcd_Write_Char27:
;__Lib_Glcd.c,352 :: 		
; font_ch_inv start address is: 2 (W1)
0x031C	0x984701  	MOV.B	W1, [W14+0]
;__Lib_Glcd.c,353 :: 		
0x031E	0x781F8A  	PUSH	W10
; font_ch_inv end address is: 2 (W1)
0x0320	0x784501  	MOV.B	W1, W10
0x0322	0x07FF6A  	RCALL	_Glcd_Write_Data
0x0324	0x78054F  	POP	W10
;__Lib_Glcd.c,354 :: 		
0x0326	0x370004  	BRA	L_Glcd_Write_Char25
;__Lib_Glcd.c,355 :: 		
L_Glcd_Write_Char24:
; font_ch_inv start address is: 2 (W1)
; font_ch start address is: 0 (W0)
0x0328	0xE16C60  	CP.B	W13, #0
0x032A	0x32FFF2  	BRA Z	L_Glcd_Write_Char26
L__Glcd_Write_Char413:
; font_ch end address is: 0 (W0)
0x032C	0xE16C61  	CP.B	W13, #1
0x032E	0x32FFF6  	BRA Z	L_Glcd_Write_Char27
L__Glcd_Write_Char414:
; font_ch_inv end address is: 2 (W1)
L_Glcd_Write_Char25:
;__Lib_Glcd.c,357 :: 		
L_end_Glcd_Write_Char:
0x0330	0x78054F  	POP	W10
0x0332	0xFA8000  	ULNK
0x0334	0x060000  	RETURN
; end of _Glcd_Write_Char
_Glcd_Set_X:
0x0100	0xFA0000  	LNK	#0
;__Lib_Glcd.c,85 :: 		
;__Lib_Glcd.c,87 :: 		
0x0102	0x781F8A  	PUSH	W10
0x0104	0xFB808A  	ZE	W10, W1
0x0106	0x2007F0  	MOV	#127, W0
0x0108	0x608000  	AND	W1, W0, W0
0x010A	0x784500  	MOV.B	W0, W10
;__Lib_Glcd.c,88 :: 		
0x010C	0xA942CA  	BCLR	GLCD_RS, BitPos(GLCD_RS+0)
;__Lib_Glcd.c,89 :: 		
0x010E	0xA962CA  	BCLR	GLCD_RW, BitPos(GLCD_RW+0)
;__Lib_Glcd.c,91 :: 		
0x0110	0xFB8080  	ZE	W0, W1
0x0112	0x200BF0  	MOV	#191, W0
0x0114	0x608000  	AND	W1, W0, W0
0x0116	0x784500  	MOV.B	W0, W10
;__Lib_Glcd.c,92 :: 		
0x0118	0xFB8080  	ZE	W0, W1
0x011A	0x200400  	MOV	#64, W0
0x011C	0x708000  	IOR	W1, W0, W0
0x011E	0x784500  	MOV.B	W0, W10
;__Lib_Glcd.c,95 :: 		
0x0120	0x784500  	MOV.B	W0, W10
0x0122	0x0701AD  	RCALL	__Lib_Glcd_Write_To_Pins
;__Lib_Glcd.c,97 :: 		
0x0124	0x0701A5  	RCALL	__Lib_Glcd_Strobe
;__Lib_Glcd.c,98 :: 		
L_end_Glcd_Set_X:
0x0126	0x78054F  	POP	W10
0x0128	0xFA8000  	ULNK
0x012A	0x060000  	RETURN
; end of _Glcd_Set_X
_Glcd_Set_Side:
0x012C	0xFA0000  	LNK	#0
;__Lib_Glcd.c,73 :: 		
;__Lib_Glcd.c,74 :: 		
0x012E	0xFB808A  	ZE	W10, W1
0x0130	0x2007F0  	MOV	#127, W0
0x0132	0x608000  	AND	W1, W0, W0
0x0134	0x784500  	MOV.B	W0, W10
;__Lib_Glcd.c,75 :: 		
0x0136	0xAEC000  	BTSS	W0, #6
0x0138	0x370003  	BRA	L_Glcd_Set_Side0
;__Lib_Glcd.c,76 :: 		
0x013A	0xA802CA  	BSET	GLCD_CS1, BitPos(GLCD_CS1+0)
;__Lib_Glcd.c,77 :: 		
0x013C	0xA922CA  	BCLR	GLCD_CS2, BitPos(GLCD_CS2+0)
;__Lib_Glcd.c,78 :: 		
0x013E	0x370002  	BRA	L_Glcd_Set_Side1
L_Glcd_Set_Side0:
;__Lib_Glcd.c,79 :: 		
0x0140	0xA902CA  	BCLR	GLCD_CS1, BitPos(GLCD_CS1+0)
;__Lib_Glcd.c,80 :: 		
0x0142	0xA822CA  	BSET	GLCD_CS2, BitPos(GLCD_CS2+0)
;__Lib_Glcd.c,81 :: 		
L_Glcd_Set_Side1:
;__Lib_Glcd.c,82 :: 		
L_end_Glcd_Set_Side:
0x0144	0xFA8000  	ULNK
0x0146	0x060000  	RETURN
; end of _Glcd_Set_Side
_Glcd_Read_Data:
0x0148	0xFA0002  	LNK	#2
;__Lib_Glcd.c,101 :: 		
;__Lib_Glcd.c,108 :: 		
0x014A	0xA8E2D2  	BSET	GLCD_D7_Direction, BitPos(GLCD_D7_Direction+0)
;__Lib_Glcd.c,109 :: 		
0x014C	0xA8C2D2  	BSET	GLCD_D6_Direction, BitPos(GLCD_D6_Direction+0)
;__Lib_Glcd.c,110 :: 		
0x014E	0xA8A2D2  	BSET	GLCD_D5_Direction, BitPos(GLCD_D5_Direction+0)
;__Lib_Glcd.c,111 :: 		
0x0150	0xA882D2  	BSET	GLCD_D4_Direction, BitPos(GLCD_D4_Direction+0)
;__Lib_Glcd.c,112 :: 		
0x0152	0xA862D2  	BSET	GLCD_D3_Direction, BitPos(GLCD_D3_Direction+0)
;__Lib_Glcd.c,113 :: 		
0x0154	0xA842D2  	BSET	GLCD_D2_Direction, BitPos(GLCD_D2_Direction+0)
;__Lib_Glcd.c,114 :: 		
0x0156	0xA822D2  	BSET	GLCD_D1_Direction, BitPos(GLCD_D1_Direction+0)
;__Lib_Glcd.c,115 :: 		
0x0158	0xA802D2  	BSET	GLCD_D0_Direction, BitPos(GLCD_D0_Direction+0)
;__Lib_Glcd.c,118 :: 		
0x015A	0x0701E3  	RCALL	_Delay_1us
;__Lib_Glcd.c,119 :: 		
0x015C	0x0701E2  	RCALL	_Delay_1us
;__Lib_Glcd.c,121 :: 		
0x015E	0xA842CA  	BSET	GLCD_RS, BitPos(GLCD_RS+0)
;__Lib_Glcd.c,122 :: 		
0x0160	0xA9A2CA  	BCLR	GLCD_EN, BitPos(GLCD_EN+0)
;__Lib_Glcd.c,123 :: 		
0x0162	0xA862CA  	BSET	GLCD_RW, BitPos(GLCD_RW+0)
;__Lib_Glcd.c,125 :: 		
0x0164	0xA8A2CA  	BSET	GLCD_EN, BitPos(GLCD_EN+0)
;__Lib_Glcd.c,127 :: 		
0x0166	0x0700E7  	RCALL	_Delay_10us
;__Lib_Glcd.c,136 :: 		
0x0168	0x470060  	ADD	W14, #0, W0
0x016A	0xA07010  	BSET	[W0], #7
0x016C	0xAEE2D4  	BTSS	GLCD_D7, BitPos(GLCD_D7+0)
0x016E	0xA17010  	BCLR	[W0], #7
;__Lib_Glcd.c,137 :: 		
0x0170	0x470060  	ADD	W14, #0, W0
0x0172	0xA06010  	BSET	[W0], #6
0x0174	0xAEC2D4  	BTSS	GLCD_D6, BitPos(GLCD_D6+0)
0x0176	0xA16010  	BCLR	[W0], #6
;__Lib_Glcd.c,138 :: 		
0x0178	0x470060  	ADD	W14, #0, W0
0x017A	0xA05010  	BSET	[W0], #5
0x017C	0xAEA2D4  	BTSS	GLCD_D5, BitPos(GLCD_D5+0)
0x017E	0xA15010  	BCLR	[W0], #5
;__Lib_Glcd.c,139 :: 		
0x0180	0x470060  	ADD	W14, #0, W0
0x0182	0xA04010  	BSET	[W0], #4
0x0184	0xAE82D4  	BTSS	GLCD_D4, BitPos(GLCD_D4+0)
0x0186	0xA14010  	BCLR	[W0], #4
;__Lib_Glcd.c,140 :: 		
0x0188	0x470060  	ADD	W14, #0, W0
0x018A	0xA03010  	BSET	[W0], #3
0x018C	0xAE62D4  	BTSS	GLCD_D3, BitPos(GLCD_D3+0)
0x018E	0xA13010  	BCLR	[W0], #3
;__Lib_Glcd.c,141 :: 		
0x0190	0x470060  	ADD	W14, #0, W0
0x0192	0xA02010  	BSET	[W0], #2
0x0194	0xAE42D4  	BTSS	GLCD_D2, BitPos(GLCD_D2+0)
0x0196	0xA12010  	BCLR	[W0], #2
;__Lib_Glcd.c,142 :: 		
0x0198	0x470060  	ADD	W14, #0, W0
0x019A	0xA01010  	BSET	[W0], #1
0x019C	0xAE22D4  	BTSS	GLCD_D1, BitPos(GLCD_D1+0)
0x019E	0xA11010  	BCLR	[W0], #1
;__Lib_Glcd.c,143 :: 		
0x01A0	0x470060  	ADD	W14, #0, W0
0x01A2	0xA00010  	BSET	[W0], #0
0x01A4	0xAE02D4  	BTSS	GLCD_D0, BitPos(GLCD_D0+0)
0x01A6	0xA10010  	BCLR	[W0], #0
;__Lib_Glcd.c,146 :: 		
0x01A8	0xA9A2CA  	BCLR	GLCD_EN, BitPos(GLCD_EN+0)
;__Lib_Glcd.c,147 :: 		
0x01AA	0xA962CA  	BCLR	GLCD_RW, BitPos(GLCD_RW+0)
;__Lib_Glcd.c,149 :: 		
0x01AC	0x0701BA  	RCALL	_Delay_1us
;__Lib_Glcd.c,150 :: 		
0x01AE	0x0701B9  	RCALL	_Delay_1us
;__Lib_Glcd.c,156 :: 		
0x01B0	0xA9E2D2  	BCLR	GLCD_D7_Direction, BitPos(GLCD_D7_Direction+0)
;__Lib_Glcd.c,157 :: 		
0x01B2	0xA9C2D2  	BCLR	GLCD_D6_Direction, BitPos(GLCD_D6_Direction+0)
;__Lib_Glcd.c,158 :: 		
0x01B4	0xA9A2D2  	BCLR	GLCD_D5_Direction, BitPos(GLCD_D5_Direction+0)
;__Lib_Glcd.c,159 :: 		
0x01B6	0xA982D2  	BCLR	GLCD_D4_Direction, BitPos(GLCD_D4_Direction+0)
;__Lib_Glcd.c,160 :: 		
0x01B8	0xA962D2  	BCLR	GLCD_D3_Direction, BitPos(GLCD_D3_Direction+0)
;__Lib_Glcd.c,161 :: 		
0x01BA	0xA942D2  	BCLR	GLCD_D2_Direction, BitPos(GLCD_D2_Direction+0)
;__Lib_Glcd.c,162 :: 		
0x01BC	0xA922D2  	BCLR	GLCD_D1_Direction, BitPos(GLCD_D1_Direction+0)
;__Lib_Glcd.c,163 :: 		
0x01BE	0xA902D2  	BCLR	GLCD_D0_Direction, BitPos(GLCD_D0_Direction+0)
;__Lib_Glcd.c,165 :: 		
0x01C0	0x90400E  	MOV.B	[W14+0], W0
;__Lib_Glcd.c,166 :: 		
L_end_Glcd_Read_Data:
0x01C2	0xFA8000  	ULNK
0x01C4	0x060000  	RETURN
; end of _Glcd_Read_Data
_delay1:
;microPiano.c,47 :: 		void delay1(){
;microPiano.c,48 :: 		Delay_ms(15000);
0x0460	0x205F68  	MOV	#1526, W8
0x0462	0x2E2FB7  	MOV	#58107, W7
L_delay12:
0x0464	0xED200E  	DEC	W7
0x0466	0x3AFFFE  	BRA NZ	L_delay12
0x0468	0xED2010  	DEC	W8
0x046A	0x3AFFFC  	BRA NZ	L_delay12
0x046C	0x000000  	NOP
;microPiano.c,49 :: 		}
L_end_delay1:
0x046E	0x060000  	RETURN
; end of _delay1
_GLCDFirstSong:
0x072E	0xFA0008  	LNK	#8
;microPiano.c,68 :: 		void GLCDFirstSong(){
;microPiano.c,70 :: 		clrscr();
0x0730	0x781F8A  	PUSH	W10
0x0732	0x781F8B  	PUSH	W11
0x0734	0x781F8C  	PUSH	W12
0x0736	0x781F8D  	PUSH	W13
0x0738	0x07FF6B  	RCALL	_clrscr
;microPiano.c,71 :: 		song_name = "Artik Sevmeyecegim";
; song_name start address is: 2 (W1)
0x073A	0x2087A1  	MOV	#lo_addr(?lstr1_microPiano), W1
;microPiano.c,72 :: 		note1 = "mi-fa-sol-fa-mi-re-mi";
0x073C	0x2083E0  	MOV	#lo_addr(?lstr2_microPiano), W0
0x073E	0x980700  	MOV	W0, [W14+0]
;microPiano.c,73 :: 		note2 = "mi-fa-sol-la-si-do-si";
0x0740	0x208280  	MOV	#lo_addr(?lstr3_microPiano), W0
0x0742	0x980710  	MOV	W0, [W14+2]
;microPiano.c,74 :: 		note3 = "la-si-do-re-do-si-la";
0x0744	0x208130  	MOV	#lo_addr(?lstr4_microPiano), W0
0x0746	0x980720  	MOV	W0, [W14+4]
;microPiano.c,75 :: 		note4 = "sol-la-si-do-si-la";
0x0748	0x208000  	MOV	#lo_addr(?lstr5_microPiano), W0
0x074A	0x980730  	MOV	W0, [W14+6]
;microPiano.c,78 :: 		Glcd_Write_Text(song_name,2,0,2);
0x074C	0xB3C02D  	MOV.B	#2, W13
0x074E	0xEF2018  	CLR	W12
0x0750	0xB3C02B  	MOV.B	#2, W11
0x0752	0x780501  	MOV	W1, W10
; song_name end address is: 2 (W1)
0x0754	0x07FEEC  	RCALL	_Glcd_Write_Text
;microPiano.c,81 :: 		Glcd_Write_Text(note1,2,2,2);
0x0756	0xB3C02D  	MOV.B	#2, W13
0x0758	0xB3C02C  	MOV.B	#2, W12
0x075A	0xB3C02B  	MOV.B	#2, W11
0x075C	0x90050E  	MOV	[W14+0], W10
0x075E	0x07FEE7  	RCALL	_Glcd_Write_Text
;microPiano.c,82 :: 		Glcd_Write_Text(note2,2,3,2);
0x0760	0xB3C02D  	MOV.B	#2, W13
0x0762	0xB3C03C  	MOV.B	#3, W12
0x0764	0xB3C02B  	MOV.B	#2, W11
0x0766	0x90051E  	MOV	[W14+2], W10
0x0768	0x07FEE2  	RCALL	_Glcd_Write_Text
;microPiano.c,83 :: 		Glcd_Write_Text(note3,2,4,2);
0x076A	0xB3C02D  	MOV.B	#2, W13
0x076C	0xB3C04C  	MOV.B	#4, W12
0x076E	0xB3C02B  	MOV.B	#2, W11
0x0770	0x90052E  	MOV	[W14+4], W10
0x0772	0x07FEDD  	RCALL	_Glcd_Write_Text
;microPiano.c,84 :: 		Glcd_Write_Text(note4,2,5,2);
0x0774	0xB3C02D  	MOV.B	#2, W13
0x0776	0xB3C05C  	MOV.B	#5, W12
0x0778	0xB3C02B  	MOV.B	#2, W11
0x077A	0x90053E  	MOV	[W14+6], W10
0x077C	0x07FED8  	RCALL	_Glcd_Write_Text
;microPiano.c,85 :: 		}
L_end_GLCDFirstSong:
0x077E	0x7806CF  	POP	W13
0x0780	0x78064F  	POP	W12
0x0782	0x7805CF  	POP	W11
0x0784	0x78054F  	POP	W10
0x0786	0xFA8000  	ULNK
0x0788	0x060000  	RETURN
; end of _GLCDFirstSong
_Sound_Init:
0x0710	0xFA0000  	LNK	#0
;__Lib_Sound.c,10 :: 		
;__Lib_Sound.c,12 :: 		
0x0712	0x88458A  	MOV	W10, __Lib_Sound_soundPortAddr
;__Lib_Sound.c,15 :: 		
0x0714	0x200010  	MOV	#1, W0
0x0716	0xDD000B  	SL	W0, W11, W0
0x0718	0x884550  	MOV	W0, __Lib_Sound_pinMask1
;__Lib_Sound.c,16 :: 		
0x071A	0xEEA000  	COM	W0
0x071C	0x884560  	MOV	W0, __Lib_Sound_pinMask0
;__Lib_Sound.c,19 :: 		
0x071E	0x600D1A  	AND	W0, [W10], [W10]
;__Lib_Sound.c,21 :: 		
0x0720	0x804580  	MOV	__Lib_Sound_soundPortAddr, W0
0x0722	0x500162  	SUB	W0, #2, W2
0x0724	0x780092  	MOV	[W2], W1
0x0726	0x208AC0  	MOV	#lo_addr(__Lib_Sound_pinMask0), W0
0x0728	0x608910  	AND	W1, [W0], [W2]
;__Lib_Sound.c,22 :: 		
L_end_Sound_Init:
0x072A	0xFA8000  	ULNK
0x072C	0x060000  	RETURN
; end of _Sound_Init
_startPiano:
;microPiano.c,107 :: 		void startPiano(){
;microPiano.c,108 :: 		while(1){
0x061A	0x781F8A  	PUSH	W10
0x061C	0x781F8B  	PUSH	W11
0x061E	0x781F8C  	PUSH	W12
0x0620	0x781F8D  	PUSH	W13
L_startPiano7:
;microPiano.c,110 :: 		if(Button(&PORTF,7,1,1))
0x0622	0x20001D  	MOV	#1, W13
0x0624	0x20001C  	MOV	#1, W12
0x0626	0x20007B  	MOV	#7, W11
0x0628	0x202E0A  	MOV	#lo_addr(PORTF), W10
0x062A	0x07FEA6  	RCALL	_Button
0x062C	0xE20000  	CP0	W0
0x062E	0x320003  	BRA Z	L_startPiano9
L__startPiano44:
;microPiano.c,111 :: 		Sound_Play(261.6, 300);
0x0630	0x2012CB  	MOV	#300, W11
0x0632	0x20105A  	MOV	#261, W10
0x0634	0x07FEC6  	RCALL	_Sound_Play
L_startPiano9:
;microPiano.c,112 :: 		while(PORTF.F7);
L_startPiano10:
0x0636	0xAEE2E0  	BTSS	PORTF, #7
0x0638	0x370001  	BRA	L_startPiano11
0x063A	0x37FFFD  	BRA	L_startPiano10
L_startPiano11:
;microPiano.c,115 :: 		if(Button(&PORTF,6,1,1))
0x063C	0x20001D  	MOV	#1, W13
0x063E	0x20001C  	MOV	#1, W12
0x0640	0x20006B  	MOV	#6, W11
0x0642	0x202E0A  	MOV	#lo_addr(PORTF), W10
0x0644	0x07FE99  	RCALL	_Button
0x0646	0xE20000  	CP0	W0
0x0648	0x320003  	BRA Z	L_startPiano12
L__startPiano45:
;microPiano.c,116 :: 		Sound_Play(293.6, 300);
0x064A	0x2012CB  	MOV	#300, W11
0x064C	0x20125A  	MOV	#293, W10
0x064E	0x07FEB9  	RCALL	_Sound_Play
L_startPiano12:
;microPiano.c,117 :: 		while(PORTF.F6);
L_startPiano13:
0x0650	0xAEC2E0  	BTSS	PORTF, #6
0x0652	0x370001  	BRA	L_startPiano14
0x0654	0x37FFFD  	BRA	L_startPiano13
L_startPiano14:
;microPiano.c,120 :: 		if(Button(&PORTF,5,1,1))
0x0656	0x20001D  	MOV	#1, W13
0x0658	0x20001C  	MOV	#1, W12
0x065A	0x20005B  	MOV	#5, W11
0x065C	0x202E0A  	MOV	#lo_addr(PORTF), W10
0x065E	0x07FE8C  	RCALL	_Button
0x0660	0xE20000  	CP0	W0
0x0662	0x320003  	BRA Z	L_startPiano15
L__startPiano46:
;microPiano.c,121 :: 		Sound_Play(329.6, 300);
0x0664	0x2012CB  	MOV	#300, W11
0x0666	0x20149A  	MOV	#329, W10
0x0668	0x07FEAC  	RCALL	_Sound_Play
L_startPiano15:
;microPiano.c,122 :: 		while(PORTF.F5);
L_startPiano16:
0x066A	0xAEA2E0  	BTSS	PORTF, #5
0x066C	0x370001  	BRA	L_startPiano17
0x066E	0x37FFFD  	BRA	L_startPiano16
L_startPiano17:
;microPiano.c,125 :: 		if(Button(&PORTF,4,1,1))
0x0670	0x20001D  	MOV	#1, W13
0x0672	0x20001C  	MOV	#1, W12
0x0674	0x20004B  	MOV	#4, W11
0x0676	0x202E0A  	MOV	#lo_addr(PORTF), W10
0x0678	0x07FE7F  	RCALL	_Button
0x067A	0xE20000  	CP0	W0
0x067C	0x320003  	BRA Z	L_startPiano18
L__startPiano47:
;microPiano.c,126 :: 		Sound_Play(349.28, 300);
0x067E	0x2012CB  	MOV	#300, W11
0x0680	0x2015DA  	MOV	#349, W10
0x0682	0x07FE9F  	RCALL	_Sound_Play
L_startPiano18:
;microPiano.c,127 :: 		while(PORTF.F4);
L_startPiano19:
0x0684	0xAE82E0  	BTSS	PORTF, #4
0x0686	0x370001  	BRA	L_startPiano20
0x0688	0x37FFFD  	BRA	L_startPiano19
L_startPiano20:
;microPiano.c,130 :: 		if(Button(&PORTF,3,1,1))
0x068A	0x20001D  	MOV	#1, W13
0x068C	0x20001C  	MOV	#1, W12
0x068E	0x20003B  	MOV	#3, W11
0x0690	0x202E0A  	MOV	#lo_addr(PORTF), W10
0x0692	0x07FE72  	RCALL	_Button
0x0694	0xE20000  	CP0	W0
0x0696	0x320003  	BRA Z	L_startPiano21
L__startPiano48:
;microPiano.c,131 :: 		Sound_Play(392.28, 300);
0x0698	0x2012CB  	MOV	#300, W11
0x069A	0x20188A  	MOV	#392, W10
0x069C	0x07FE92  	RCALL	_Sound_Play
L_startPiano21:
;microPiano.c,132 :: 		while(PORTF.F3);
L_startPiano22:
0x069E	0xAE62E0  	BTSS	PORTF, #3
0x06A0	0x370001  	BRA	L_startPiano23
0x06A2	0x37FFFD  	BRA	L_startPiano22
L_startPiano23:
;microPiano.c,135 :: 		if(Button(&PORTF,2,1,1))
0x06A4	0x20001D  	MOV	#1, W13
0x06A6	0x20001C  	MOV	#1, W12
0x06A8	0x20002B  	MOV	#2, W11
0x06AA	0x202E0A  	MOV	#lo_addr(PORTF), W10
0x06AC	0x07FE65  	RCALL	_Button
0x06AE	0xE20000  	CP0	W0
0x06B0	0x320003  	BRA Z	L_startPiano24
L__startPiano49:
;microPiano.c,136 :: 		Sound_Play(440.00, 300);
0x06B2	0x2012CB  	MOV	#300, W11
0x06B4	0x201B8A  	MOV	#440, W10
0x06B6	0x07FE85  	RCALL	_Sound_Play
L_startPiano24:
;microPiano.c,137 :: 		while(PORTF.F2);
L_startPiano25:
0x06B8	0xAE42E0  	BTSS	PORTF, #2
0x06BA	0x370001  	BRA	L_startPiano26
0x06BC	0x37FFFD  	BRA	L_startPiano25
L_startPiano26:
;microPiano.c,140 :: 		if(Button(&PORTF,1,1,1))
0x06BE	0x20001D  	MOV	#1, W13
0x06C0	0x20001C  	MOV	#1, W12
0x06C2	0x20001B  	MOV	#1, W11
0x06C4	0x202E0A  	MOV	#lo_addr(PORTF), W10
0x06C6	0x07FE58  	RCALL	_Button
0x06C8	0xE20000  	CP0	W0
0x06CA	0x320003  	BRA Z	L_startPiano27
L__startPiano50:
;microPiano.c,141 :: 		Sound_Play(493.00, 300);
0x06CC	0x2012CB  	MOV	#300, W11
0x06CE	0x201EDA  	MOV	#493, W10
0x06D0	0x07FE78  	RCALL	_Sound_Play
L_startPiano27:
;microPiano.c,142 :: 		while(PORTF.F1);
L_startPiano28:
0x06D2	0xAE22E0  	BTSS	PORTF, #1
0x06D4	0x370001  	BRA	L_startPiano29
0x06D6	0x37FFFD  	BRA	L_startPiano28
L_startPiano29:
;microPiano.c,145 :: 		if(Button(&PORTF,0,1,1))
0x06D8	0x20001D  	MOV	#1, W13
0x06DA	0x20001C  	MOV	#1, W12
0x06DC	0xEF2016  	CLR	W11
0x06DE	0x202E0A  	MOV	#lo_addr(PORTF), W10
0x06E0	0x07FE4B  	RCALL	_Button
0x06E2	0xE20000  	CP0	W0
0x06E4	0x320003  	BRA Z	L_startPiano30
L__startPiano51:
;microPiano.c,146 :: 		Sound_Play(523.00, 300);
0x06E6	0x2012CB  	MOV	#300, W11
0x06E8	0x2020BA  	MOV	#523, W10
0x06EA	0x07FE6B  	RCALL	_Sound_Play
L_startPiano30:
;microPiano.c,147 :: 		while(PORTF.F0);
L_startPiano31:
0x06EC	0xAE02E0  	BTSS	PORTF, #0
0x06EE	0x370001  	BRA	L_startPiano32
0x06F0	0x37FFFD  	BRA	L_startPiano31
L_startPiano32:
;microPiano.c,150 :: 		if(Button(&PORTF,8,1,1))
0x06F2	0x20001D  	MOV	#1, W13
0x06F4	0x20001C  	MOV	#1, W12
0x06F6	0x20008B  	MOV	#8, W11
0x06F8	0x202E0A  	MOV	#lo_addr(PORTF), W10
0x06FA	0x07FE3E  	RCALL	_Button
0x06FC	0xE20000  	CP0	W0
0x06FE	0x320003  	BRA Z	L_startPiano33
L__startPiano52:
;microPiano.c,151 :: 		Sound_Play(587.20, 300);
0x0700	0x2012CB  	MOV	#300, W11
0x0702	0x2024BA  	MOV	#587, W10
0x0704	0x07FE5E  	RCALL	_Sound_Play
L_startPiano33:
;microPiano.c,152 :: 		while(PORTF.F8);
L_startPiano34:
0x0706	0xAE02E1  	BTSS	PORTF, #8
0x0708	0x370001  	BRA	L_startPiano35
0x070A	0x37FFFD  	BRA	L_startPiano34
L_startPiano35:
;microPiano.c,154 :: 		}
0x070C	0x37FF8A  	BRA	L_startPiano7
;microPiano.c,155 :: 		}
L_end_startPiano:
0x070E	0x060000  	RETURN
; end of _startPiano
_Button:
0x0378	0xFA0000  	LNK	#0
;__Lib_Button.c,25 :: 		
;__Lib_Button.c,27 :: 		
; rslt start address is: 2 (W1)
0x037A	0xEF2002  	CLR	W1
;__Lib_Button.c,30 :: 		
0x037C	0x200010  	MOV	#1, W0
0x037E	0xDD000B  	SL	W0, W11, W0
; pMask start address is: 4 (W2)
0x0380	0x780100  	MOV	W0, W2
;__Lib_Button.c,32 :: 		
0x0382	0x60001A  	AND	W0, [W10], W0
0x0384	0xE20000  	CP0	W0
0x0386	0xEF6000  	CLR.B	W0
0x0388	0x3A0001  	BRA NZ	L__Button7
0x038A	0xEC6000  	INC.B	W0
L__Button7:
0x038C	0xFB8000  	ZE	W0, W0
0x038E	0x68000D  	XOR	W0, W13, W0
0x0390	0xE20000  	CP0	W0
0x0392	0x320014  	BRA Z	L__Button5
L__Button8:
; pMask end address is: 4 (W2)
; rslt end address is: 2 (W1)
;__Lib_Button.c,34 :: 		
L_Button1:
; pMask start address is: 4 (W2)
; rslt start address is: 2 (W1)
0x0394	0xE16060  	CP	W12, #0
0x0396	0x360005  	BRA LEU	L_Button2
L__Button9:
;__Lib_Button.c,35 :: 		
0x0398	0x07FFD4  	RCALL	_Delay_500us
;__Lib_Button.c,36 :: 		
0x039A	0x07FFD3  	RCALL	_Delay_500us
;__Lib_Button.c,37 :: 		
0x039C	0x560061  	SUB	W12, #1, W0
0x039E	0x780600  	MOV	W0, W12
;__Lib_Button.c,38 :: 		
0x03A0	0x37FFF9  	BRA	L_Button1
L_Button2:
;__Lib_Button.c,40 :: 		
0x03A2	0x61001A  	AND	W2, [W10], W0
; pMask end address is: 4 (W2)
0x03A4	0xE20000  	CP0	W0
0x03A6	0xEF6000  	CLR.B	W0
0x03A8	0x3A0001  	BRA NZ	L__Button10
0x03AA	0xEC6000  	INC.B	W0
L__Button10:
0x03AC	0xFB8000  	ZE	W0, W0
0x03AE	0x68000D  	XOR	W0, W13, W0
0x03B0	0xE20000  	CP0	W0
0x03B2	0x320003  	BRA Z	L__Button4
L__Button11:
; rslt end address is: 2 (W1)
;__Lib_Button.c,41 :: 		
; rslt start address is: 0 (W0)
0x03B4	0x200FF0  	MOV	#255, W0
; rslt end address is: 0 (W0)
0x03B6	0x780080  	MOV	W0, W1
0x03B8	0x370000  	BRA	L_Button3
L__Button4:
;__Lib_Button.c,40 :: 		
;__Lib_Button.c,41 :: 		
L_Button3:
;__Lib_Button.c,42 :: 		
; rslt start address is: 2 (W1)
; rslt end address is: 2 (W1)
0x03BA	0x370000  	BRA	L_Button0
L__Button5:
;__Lib_Button.c,32 :: 		
;__Lib_Button.c,42 :: 		
L_Button0:
;__Lib_Button.c,44 :: 		
; rslt start address is: 2 (W1)
0x03BC	0x780001  	MOV	W1, W0
; rslt end address is: 2 (W1)
;__Lib_Button.c,45 :: 		
L_end_Button:
0x03BE	0xFA8000  	ULNK
0x03C0	0x060000  	RETURN
; end of _Button
_Delay_500us:
;__Lib_Delays.c,510 :: 		void Delay_500us()
;__Lib_Delays.c,512 :: 		Delay_us(500);
0x0342	0x20D057  	MOV	#3333, W7
L_Delay_500us21:
0x0344	0xED200E  	DEC	W7
0x0346	0x3AFFFE  	BRA NZ	L_Delay_500us21
0x0348	0x000000  	NOP
;__Lib_Delays.c,513 :: 		}
L_end_Delay_500us:
0x034A	0x060000  	RETURN
; end of _Delay_500us
_Sound_Play:
0x03C2	0xFA0010  	LNK	#16
;__Lib_Sound.c,25 :: 		
;__Lib_Sound.c,30 :: 		
0x03C4	0x07FF00  	RCALL	_Get_Fosc_Per_Cyc
0x03C6	0x980710  	MOV	W0, [W14+2]
;__Lib_Sound.c,33 :: 		
0x03C8	0x07FF48  	RCALL	_Get_Fosc_kHz
0x03CA	0x203E82  	MOV	#1000, W2
0x03CC	0x200003  	MOV	#0, W3
0x03CE	0x07FFBE  	RCALL	__Multiply_32x32
;__Lib_Sound.c,34 :: 		
0x03D0	0x781F8B  	PUSH	W11
0x03D2	0x78010A  	MOV	W10, W2
0x03D4	0xEB0180  	CLR	W3
0x03D6	0xEB0200  	CLR	W4
0x03D8	0x07FF17  	RCALL	__Divide_32x32
;__Lib_Sound.c,35 :: 		
0x03DA	0x90011E  	MOV	[W14+2], W2
0x03DC	0xEB0180  	CLR	W3
0x03DE	0xEB0200  	CLR	W4
0x03E0	0x07FF13  	RCALL	__Divide_32x32
0x03E2	0x7805CF  	POP	W11
0x03E4	0xD10081  	LSR	W1, W1
0x03E6	0xD38000  	RRC	W0, W0
0x03E8	0x980700  	MOV	W0, [W14+0]
;__Lib_Sound.c,38 :: 		
0x03EA	0x07FF37  	RCALL	_Get_Fosc_kHz
0x03EC	0x78010B  	MOV	W11, W2
0x03EE	0xEB0180  	CLR	W3
0x03F0	0x07FFAD  	RCALL	__Multiply_32x32
0x03F2	0x980760  	MOV	W0, [W14+12]
0x03F4	0x980771  	MOV	W1, [W14+14]
0x03F6	0x90001E  	MOV	[W14+2], W0
0x03F8	0xDD0141  	SL	W0, #1, W2
0x03FA	0x90000E  	MOV	[W14+0], W0
0x03FC	0xEB0080  	CLR	W1
0x03FE	0xEB0180  	CLR	W3
0x0400	0x07FFA5  	RCALL	__Multiply_32x32
0x0402	0x980720  	MOV	W0, [W14+4]
0x0404	0x980731  	MOV	W1, [W14+6]
0x0406	0x90006E  	MOV	[W14+12], W0
0x0408	0x9000FE  	MOV	[W14+14], W1
0x040A	0x90012E  	MOV	[W14+4], W2
0x040C	0x9001BE  	MOV	[W14+6], W3
0x040E	0xEB0200  	CLR	W4
0x0410	0x07FEFB  	RCALL	__Divide_32x32
; per_nc start address is: 6 (W3)
0x0412	0x780180  	MOV	W0, W3
0x0414	0x780201  	MOV	W1, W4
;__Lib_Sound.c,40 :: 		
0x0416	0x200712  	MOV	#113, W2
0x0418	0x4700E0  	ADD	W14, #0, W1
0x041A	0x470060  	ADD	W14, #0, W0
0x041C	0x110811  	SUBR	W2, [W1], [W0]
; per_nc end address is: 6 (W3)
;__Lib_Sound.c,43 :: 		
L_Sound_Play0:
; per_nc start address is: 6 (W3)
0x041E	0xE11860  	CP	W3, #0
0x0420	0xE1A060  	CPB	W4, #0
0x0422	0x360017  	BRA LEU	L_Sound_Play1
L__Sound_Play4:
;__Lib_Sound.c,45 :: 		
0x0424	0x804580  	MOV	__Lib_Sound_soundPortAddr, W0
0x0426	0x780110  	MOV	[W0], W2
0x0428	0x208AA1  	MOV	#lo_addr(__Lib_Sound_pinMask1), W1
0x042A	0x804580  	MOV	__Lib_Sound_soundPortAddr, W0
0x042C	0x710811  	IOR	W2, [W1], [W0]
;__Lib_Sound.c,46 :: 		
0x042E	0xBE9F8A  	PUSH.D	W10
0x0430	0x90050E  	MOV	[W14+0], W10
0x0432	0xEB0580  	CLR	W11
0x0434	0x07FECA  	RCALL	_Delay_Cyc_Long
;__Lib_Sound.c,49 :: 		
0x0436	0x804580  	MOV	__Lib_Sound_soundPortAddr, W0
0x0438	0x780110  	MOV	[W0], W2
0x043A	0x208AC1  	MOV	#lo_addr(__Lib_Sound_pinMask0), W1
0x043C	0x804580  	MOV	__Lib_Sound_soundPortAddr, W0
0x043E	0x610811  	AND	W2, [W1], [W0]
;__Lib_Sound.c,50 :: 		
0x0440	0x90050E  	MOV	[W14+0], W10
0x0442	0xEB0580  	CLR	W11
0x0444	0x07FEC2  	RCALL	_Delay_Cyc_Long
0x0446	0xBE054F  	POP.D	W10
;__Lib_Sound.c,52 :: 		
; per_nc start address is: 0 (W0)
0x0448	0x518061  	SUB	W3, #1, W0
0x044A	0x5A00E0  	SUBB	W4, #0, W1
; per_nc end address is: 6 (W3)
;__Lib_Sound.c,53 :: 		
0x044C	0x780180  	MOV	W0, W3
0x044E	0x780201  	MOV	W1, W4
; per_nc end address is: 0 (W0)
0x0450	0x37FFE6  	BRA	L_Sound_Play0
L_Sound_Play1:
;__Lib_Sound.c,54 :: 		
0x0452	0x804580  	MOV	__Lib_Sound_soundPortAddr, W0
0x0454	0x780110  	MOV	[W0], W2
0x0456	0x208AC1  	MOV	#lo_addr(__Lib_Sound_pinMask0), W1
0x0458	0x804580  	MOV	__Lib_Sound_soundPortAddr, W0
0x045A	0x610811  	AND	W2, [W1], [W0]
;__Lib_Sound.c,55 :: 		
L_end_Sound_Play:
0x045C	0xFA8000  	ULNK
0x045E	0x060000  	RETURN
; end of _Sound_Play
_Get_Fosc_Per_Cyc:
;__Lib_Delays.c,63 :: 		unsigned int Get_Fosc_Per_Cyc() {
;__Lib_Delays.c,64 :: 		return __FOSC_PER_CYC;
0x01C6	0x200040  	MOV	#4, W0
;__Lib_Delays.c,65 :: 		}
L_end_Get_Fosc_Per_Cyc:
0x01C8	0x060000  	RETURN
; end of _Get_Fosc_Per_Cyc
_Get_Fosc_kHz:
;__Lib_Delays.c,38 :: 		unsigned long Get_Fosc_kHz() {
;__Lib_Delays.c,39 :: 		return Clock_kHz();
0x025A	0x238800  	MOV	#14464, W0
0x025C	0x200011  	MOV	#1, W1
;__Lib_Delays.c,40 :: 		}
L_end_Get_Fosc_kHz:
0x025E	0x060000  	RETURN
; end of _Get_Fosc_kHz
_Delay_Cyc_Long:
;__Lib_Delays.c,144 :: 		void Delay_Cyc_Long(unsigned long CycNo) {
;__Lib_Delays.c,145 :: 		W8 = CycNo;
0x01CA	0x78040A  	MOV	W10, W8
;__Lib_Delays.c,146 :: 		W9 = HiWord(CycNo);
0x01CC	0x200140  	MOV	#lo_addr(W10), W0
0x01CE	0xECA000  	INC2	W0
0x01D0	0x780490  	MOV	[W0], W9
;__Lib_Delays.c,148 :: 		PUSH       W8
0x01D2	0xF80010  	PUSH	W8
;__Lib_Delays.c,150 :: 		MOV        #14, W7                    //   in asm because dsPIC30 can
0x01D4	0x2000E7  	MOV	#14, W7
;__Lib_Delays.c,151 :: 		Label1:                                   //   generate DO instruction
Label1:
;__Lib_Delays.c,152 :: 		DEC        W7, W7                     //   instead of a loop.
0x01D6	0xE90387  	DEC	W7, W7
;__Lib_Delays.c,153 :: 		BRA LT,    Label2                     //
0x01D8	0x350003  	BRA LT	Label2
;__Lib_Delays.c,154 :: 		LSR        W9, W9                     // in that case code execution
0x01DA	0xD10489  	LSR	W9, W9
;__Lib_Delays.c,155 :: 		RRC        W8, W8                     //   time would be different
0x01DC	0xD38408  	RRC	W8, W8
;__Lib_Delays.c,156 :: 		BRA        Label1                     //   between dsPIC30 family
0x01DE	0x37FFFB  	BRA	Label1
;__Lib_Delays.c,157 :: 		Label2:                                   //   and PIC24/dsPIC33 families
Label2:
;__Lib_Delays.c,159 :: 		POP        W9
0x01E0	0xF90012  	POP	W9
;__Lib_Delays.c,160 :: 		MOV        #16383, W7
0x01E2	0x23FFF7  	MOV	#16383, W7
;__Lib_Delays.c,161 :: 		AND        W9, W7, W9
0x01E4	0x648487  	AND	W9, W7, W9
;__Lib_Delays.c,163 :: 		Delay_Cyc_loop:
Delay_Cyc_loop:
;__Lib_Delays.c,164 :: 		CP0 W8                 ; skip delay
0x01E6	0xE20010  	CP0	W8
;__Lib_Delays.c,165 :: 		BRA Z, Delay_Cyc_rem   ;    if W8 = 0
0x01E8	0x320004  	BRA Z	Delay_Cyc_rem
;__Lib_Delays.c,166 :: 		repeat #16377          ; perform delay by
0x01EA	0x093FF9  	REPEAT	#16377
;__Lib_Delays.c,167 :: 		NOP                    ;   by executing W8*16384 <nop>s in Delay_Cyc_loop
0x01EC	0x000000  	NOP
;__Lib_Delays.c,168 :: 		DEC W8, W8             ; next loop
0x01EE	0xE90408  	DEC	W8, W8
;__Lib_Delays.c,169 :: 		bra Delay_Cyc_loop
0x01F0	0x37FFFA  	BRA	Delay_Cyc_loop
;__Lib_Delays.c,170 :: 		Delay_Cyc_rem:
Delay_Cyc_rem:
;__Lib_Delays.c,171 :: 		REPEAT W9              ; execute whats
0x01F2	0x098009  	REPEAT	W9
;__Lib_Delays.c,172 :: 		nop                    ;   remaining after the division
0x01F4	0x000000  	NOP
;__Lib_Delays.c,174 :: 		}
L_end_Delay_Cyc_Long:
0x01F6	0x060000  	RETURN
; end of _Delay_Cyc_Long
__Multiply_32x32:
0x034C	0xFA0000  	LNK	#0
;__Lib_Math.c,43 :: 		
;__Lib_Math.c,46 :: 		
0x034E	0xB80A02  	MUL.UU	W1, W2, W4
;__Lib_Math.c,47 :: 		
0x0350	0x880050  	MOV	W0, W5
;__Lib_Math.c,48 :: 		
0x0352	0xB80002  	MUL.UU	W0, W2, W0
;__Lib_Math.c,49 :: 		
0x0354	0x420081  	ADD	W4, W1, W1
;__Lib_Math.c,50 :: 		
0x0356	0xB82A03  	MUL.UU	W5, W3, W4
;__Lib_Math.c,51 :: 		
0x0358	0x420081  	ADD	W4, W1, W1
;__Lib_Math.c,54 :: 		
L_end__Multiply_32x32:
0x035A	0xFA8000  	ULNK
0x035C	0x060000  	RETURN
; end of __Multiply_32x32
__Divide_32x32:
0x0208	0xFA0000  	LNK	#0
;__Lib_Math.c,78 :: 		
;__Lib_Math.c,81 :: 		
0x020A	0x070002  	RCALL	Divide_32x32___testsus
;__Lib_Math.c,83 :: 		
0x020C	0x000000040256  	GOTO	the_end_Divide_32x32
;__Lib_Math.c,88 :: 		
Divide_32x32___testsus:
;__Lib_Math.c,89 :: 		
0x0210	0xE20008  	CP0	W4
;__Lib_Math.c,90 :: 		
0x0212	0x3A0002  	BRA NZ	Divide_32x32___divsi3
;__Lib_Math.c,92 :: 		
0x0214	0x070010  	RCALL	Divide_32x32___udivsi3
;__Lib_Math.c,93 :: 		
0x0216	0x060000  	RETURN
;__Lib_Math.c,95 :: 		
Divide_32x32___divsi3:
;__Lib_Math.c,96 :: 		
0x0218	0x689F83  	XOR	W1, W3, [W15++]
;__Lib_Math.c,97 :: 		
0x021A	0xE20002  	CP0	W1
;__Lib_Math.c,98 :: 		
0x021C	0x3D0002  	BRA GE	Divide_32x32_divtestb
;__Lib_Math.c,99 :: 		
0x021E	0x100060  	SUBR	W0, #0, W0
;__Lib_Math.c,100 :: 		
0x0220	0x1880E0  	SUBBR	W1, #0, W1
;__Lib_Math.c,101 :: 		
Divide_32x32_divtestb:
;__Lib_Math.c,102 :: 		
0x0222	0xE20006  	CP0	W3
;__Lib_Math.c,103 :: 		
0x0224	0x3D0002  	BRA GE	Divide_32x32_calcquot
;__Lib_Math.c,104 :: 		
0x0226	0x110160  	SUBR	W2, #0, W2
;__Lib_Math.c,105 :: 		
0x0228	0x1981E0  	SUBBR	W3, #0, W3
;__Lib_Math.c,106 :: 		
Divide_32x32_calcquot:
;__Lib_Math.c,107 :: 		
0x022A	0x070005  	RCALL	Divide_32x32___udivsi3
;__Lib_Math.c,108 :: 		
0x022C	0xE0004F  	CP0	[--W15]
;__Lib_Math.c,109 :: 		
0x022E	0x3B0002  	BRA NN	Divide_32x32_returnq
;__Lib_Math.c,110 :: 		
0x0230	0x100060  	SUBR	W0, #0, W0
;__Lib_Math.c,111 :: 		
0x0232	0x1880E0  	SUBBR	W1, #0, W1
;__Lib_Math.c,112 :: 		
Divide_32x32_returnq:
;__Lib_Math.c,113 :: 		
0x0234	0x060000  	RETURN
;__Lib_Math.c,114 :: 		
Divide_32x32___udivsi3:
;__Lib_Math.c,115 :: 		
0x0236	0xB82260  	MUL.UU	W4, #0, W4
;__Lib_Math.c,116 :: 		
0x0238	0x200206  	MOV	#32, W6
;__Lib_Math.c,117 :: 		
Divide_32x32_nextbit:
;__Lib_Math.c,118 :: 		
0x023A	0xD00000  	SL	W0, W0
;__Lib_Math.c,119 :: 		
0x023C	0xD28081  	RLC	W1, W1
;__Lib_Math.c,120 :: 		
0x023E	0xD28204  	RLC	W4, W4
;__Lib_Math.c,121 :: 		
0x0240	0xD28285  	RLC	W5, W5
;__Lib_Math.c,122 :: 		
0x0242	0xA80000  	BSET	W0, #0
;__Lib_Math.c,123 :: 		
0x0244	0x520202  	SUB	W4, W2, W4
;__Lib_Math.c,124 :: 		
0x0246	0x5A8283  	SUBB	W5, W3, W5
;__Lib_Math.c,125 :: 		
0x0248	0x3B0003  	BRA NN	Divide_32x32_iterate
;__Lib_Math.c,126 :: 		
0x024A	0x420202  	ADD	W4, W2, W4
;__Lib_Math.c,127 :: 		
0x024C	0x4A8283  	ADDC	W5, W3, W5
;__Lib_Math.c,128 :: 		
0x024E	0xA10000  	BCLR	W0, #0
;__Lib_Math.c,129 :: 		
Divide_32x32_iterate:
;__Lib_Math.c,130 :: 		
0x0250	0xE90306  	DEC	W6, W6
;__Lib_Math.c,131 :: 		
0x0252	0x3AFFF3  	BRA NZ	Divide_32x32_nextbit
;__Lib_Math.c,132 :: 		
0x0254	0x060000  	RETURN
;__Lib_Math.c,135 :: 		
the_end_Divide_32x32:
;__Lib_Math.c,138 :: 		
L_end__Divide_32x32:
0x0256	0xFA8000  	ULNK
0x0258	0x060000  	RETURN
; end of __Divide_32x32
0x07C2	0x208001  	MOV	#lo_addr(?lstr5_microPiano), W1
0x07C4	0x281E00  	MOV	#33248, W0
0x07C6	0x090050  	REPEAT	#80
0x07C8	0x7818B0  	MOV	[W0++], [W1++]
0x07CA	0x7858B0  	MOV.B	[W0++], [W1++]
0x07CC	0x060000  	RETURN
;__Lib_GlcdFonts.c,612 :: _font5x7 [480]
0x8000	0x0000 ;_font5x7+0
0x8002	0x0000 ;_font5x7+2
0x8004	0x0000 ;_font5x7+4
0x8006	0x5F00 ;_font5x7+6
0x8008	0x0000 ;_font5x7+8
0x800A	0x0700 ;_font5x7+10
0x800C	0x0700 ;_font5x7+12
0x800E	0x1400 ;_font5x7+14
0x8010	0x147F ;_font5x7+16
0x8012	0x147F ;_font5x7+18
0x8014	0x2A24 ;_font5x7+20
0x8016	0x2A7F ;_font5x7+22
0x8018	0x2312 ;_font5x7+24
0x801A	0x0813 ;_font5x7+26
0x801C	0x6264 ;_font5x7+28
0x801E	0x4936 ;_font5x7+30
0x8020	0x2255 ;_font5x7+32
0x8022	0x0050 ;_font5x7+34
0x8024	0x0305 ;_font5x7+36
0x8026	0x0000 ;_font5x7+38
0x8028	0x1C00 ;_font5x7+40
0x802A	0x4122 ;_font5x7+42
0x802C	0x0000 ;_font5x7+44
0x802E	0x2241 ;_font5x7+46
0x8030	0x001C ;_font5x7+48
0x8032	0x2A08 ;_font5x7+50
0x8034	0x2A1C ;_font5x7+52
0x8036	0x0808 ;_font5x7+54
0x8038	0x3E08 ;_font5x7+56
0x803A	0x0808 ;_font5x7+58
0x803C	0x5000 ;_font5x7+60
0x803E	0x0030 ;_font5x7+62
0x8040	0x0800 ;_font5x7+64
0x8042	0x0808 ;_font5x7+66
0x8044	0x0808 ;_font5x7+68
0x8046	0x3000 ;_font5x7+70
0x8048	0x0030 ;_font5x7+72
0x804A	0x2000 ;_font5x7+74
0x804C	0x0810 ;_font5x7+76
0x804E	0x0204 ;_font5x7+78
0x8050	0x513E ;_font5x7+80
0x8052	0x4549 ;_font5x7+82
0x8054	0x003E ;_font5x7+84
0x8056	0x7F42 ;_font5x7+86
0x8058	0x0040 ;_font5x7+88
0x805A	0x6142 ;_font5x7+90
0x805C	0x4951 ;_font5x7+92
0x805E	0x2146 ;_font5x7+94
0x8060	0x4541 ;_font5x7+96
0x8062	0x314B ;_font5x7+98
0x8064	0x1418 ;_font5x7+100
0x8066	0x7F12 ;_font5x7+102
0x8068	0x2710 ;_font5x7+104
0x806A	0x4545 ;_font5x7+106
0x806C	0x3945 ;_font5x7+108
0x806E	0x4A3C ;_font5x7+110
0x8070	0x4949 ;_font5x7+112
0x8072	0x0130 ;_font5x7+114
0x8074	0x0971 ;_font5x7+116
0x8076	0x0305 ;_font5x7+118
0x8078	0x4936 ;_font5x7+120
0x807A	0x4949 ;_font5x7+122
0x807C	0x0636 ;_font5x7+124
0x807E	0x4949 ;_font5x7+126
0x8080	0x1E29 ;_font5x7+128
0x8082	0x3600 ;_font5x7+130
0x8084	0x0036 ;_font5x7+132
0x8086	0x0000 ;_font5x7+134
0x8088	0x3656 ;_font5x7+136
0x808A	0x0000 ;_font5x7+138
0x808C	0x0800 ;_font5x7+140
0x808E	0x2214 ;_font5x7+142
0x8090	0x1441 ;_font5x7+144
0x8092	0x1414 ;_font5x7+146
0x8094	0x1414 ;_font5x7+148
0x8096	0x2241 ;_font5x7+150
0x8098	0x0814 ;_font5x7+152
0x809A	0x0200 ;_font5x7+154
0x809C	0x5101 ;_font5x7+156
0x809E	0x0609 ;_font5x7+158
0x80A0	0x4932 ;_font5x7+160
0x80A2	0x4179 ;_font5x7+162
0x80A4	0x7E3E ;_font5x7+164
0x80A6	0x1111 ;_font5x7+166
0x80A8	0x7E11 ;_font5x7+168
0x80AA	0x497F ;_font5x7+170
0x80AC	0x4949 ;_font5x7+172
0x80AE	0x3E36 ;_font5x7+174
0x80B0	0x4141 ;_font5x7+176
0x80B2	0x2241 ;_font5x7+178
0x80B4	0x417F ;_font5x7+180
0x80B6	0x2241 ;_font5x7+182
0x80B8	0x7F1C ;_font5x7+184
0x80BA	0x4949 ;_font5x7+186
0x80BC	0x4149 ;_font5x7+188
0x80BE	0x097F ;_font5x7+190
0x80C0	0x0109 ;_font5x7+192
0x80C2	0x3E01 ;_font5x7+194
0x80C4	0x4141 ;_font5x7+196
0x80C6	0x3251 ;_font5x7+198
0x80C8	0x087F ;_font5x7+200
0x80CA	0x0808 ;_font5x7+202
0x80CC	0x007F ;_font5x7+204
0x80CE	0x7F41 ;_font5x7+206
0x80D0	0x0041 ;_font5x7+208
0x80D2	0x4020 ;_font5x7+210
0x80D4	0x3F41 ;_font5x7+212
0x80D6	0x7F01 ;_font5x7+214
0x80D8	0x1408 ;_font5x7+216
0x80DA	0x4122 ;_font5x7+218
0x80DC	0x407F ;_font5x7+220
0x80DE	0x4040 ;_font5x7+222
0x80E0	0x7F40 ;_font5x7+224
0x80E2	0x0402 ;_font5x7+226
0x80E4	0x7F02 ;_font5x7+228
0x80E6	0x047F ;_font5x7+230
0x80E8	0x1008 ;_font5x7+232
0x80EA	0x3E7F ;_font5x7+234
0x80EC	0x4141 ;_font5x7+236
0x80EE	0x3E41 ;_font5x7+238
0x80F0	0x097F ;_font5x7+240
0x80F2	0x0909 ;_font5x7+242
0x80F4	0x3E06 ;_font5x7+244
0x80F6	0x5141 ;_font5x7+246
0x80F8	0x5E21 ;_font5x7+248
0x80FA	0x097F ;_font5x7+250
0x80FC	0x2919 ;_font5x7+252
0x80FE	0x4646 ;_font5x7+254
0x8100	0x4949 ;_font5x7+256
0x8102	0x3149 ;_font5x7+258
0x8104	0x0101 ;_font5x7+260
0x8106	0x017F ;_font5x7+262
0x8108	0x3F01 ;_font5x7+264
0x810A	0x4040 ;_font5x7+266
0x810C	0x3F40 ;_font5x7+268
0x810E	0x201F ;_font5x7+270
0x8110	0x2040 ;_font5x7+272
0x8112	0x7F1F ;_font5x7+274
0x8114	0x1820 ;_font5x7+276
0x8116	0x7F20 ;_font5x7+278
0x8118	0x1463 ;_font5x7+280
0x811A	0x1408 ;_font5x7+282
0x811C	0x0363 ;_font5x7+284
0x811E	0x7804 ;_font5x7+286
0x8120	0x0304 ;_font5x7+288
0x8122	0x5161 ;_font5x7+290
0x8124	0x4549 ;_font5x7+292
0x8126	0x0043 ;_font5x7+294
0x8128	0x7F00 ;_font5x7+296
0x812A	0x4141 ;_font5x7+298
0x812C	0x0402 ;_font5x7+300
0x812E	0x1008 ;_font5x7+302
0x8130	0x4120 ;_font5x7+304
0x8132	0x7F41 ;_font5x7+306
0x8134	0x0000 ;_font5x7+308
0x8136	0x0204 ;_font5x7+310
0x8138	0x0201 ;_font5x7+312
0x813A	0x4004 ;_font5x7+314
0x813C	0x4040 ;_font5x7+316
0x813E	0x4040 ;_font5x7+318
0x8140	0x0100 ;_font5x7+320
0x8142	0x0402 ;_font5x7+322
0x8144	0x2000 ;_font5x7+324
0x8146	0x5454 ;_font5x7+326
0x8148	0x7854 ;_font5x7+328
0x814A	0x487F ;_font5x7+330
0x814C	0x4444 ;_font5x7+332
0x814E	0x3838 ;_font5x7+334
0x8150	0x4444 ;_font5x7+336
0x8152	0x2044 ;_font5x7+338
0x8154	0x4438 ;_font5x7+340
0x8156	0x4844 ;_font5x7+342
0x8158	0x387F ;_font5x7+344
0x815A	0x5454 ;_font5x7+346
0x815C	0x1854 ;_font5x7+348
0x815E	0x7E08 ;_font5x7+350
0x8160	0x0109 ;_font5x7+352
0x8162	0x0802 ;_font5x7+354
0x8164	0x5414 ;_font5x7+356
0x8166	0x3C54 ;_font5x7+358
0x8168	0x087F ;_font5x7+360
0x816A	0x0404 ;_font5x7+362
0x816C	0x0078 ;_font5x7+364
0x816E	0x7D44 ;_font5x7+366
0x8170	0x0040 ;_font5x7+368
0x8172	0x4020 ;_font5x7+370
0x8174	0x3D44 ;_font5x7+372
0x8176	0x0000 ;_font5x7+374
0x8178	0x107F ;_font5x7+376
0x817A	0x4428 ;_font5x7+378
0x817C	0x4100 ;_font5x7+380
0x817E	0x407F ;_font5x7+382
0x8180	0x7C00 ;_font5x7+384
0x8182	0x1804 ;_font5x7+386
0x8184	0x7804 ;_font5x7+388
0x8186	0x087C ;_font5x7+390
0x8188	0x0404 ;_font5x7+392
0x818A	0x3878 ;_font5x7+394
0x818C	0x4444 ;_font5x7+396
0x818E	0x3844 ;_font5x7+398
0x8190	0x147C ;_font5x7+400
0x8192	0x1414 ;_font5x7+402
0x8194	0x0808 ;_font5x7+404
0x8196	0x1414 ;_font5x7+406
0x8198	0x7C18 ;_font5x7+408
0x819A	0x087C ;_font5x7+410
0x819C	0x0404 ;_font5x7+412
0x819E	0x4808 ;_font5x7+414
0x81A0	0x5454 ;_font5x7+416
0x81A2	0x2054 ;_font5x7+418
0x81A4	0x3F04 ;_font5x7+420
0x81A6	0x4044 ;_font5x7+422
0x81A8	0x3C20 ;_font5x7+424
0x81AA	0x4040 ;_font5x7+426
0x81AC	0x7C20 ;_font5x7+428
0x81AE	0x201C ;_font5x7+430
0x81B0	0x2040 ;_font5x7+432
0x81B2	0x3C1C ;_font5x7+434
0x81B4	0x3040 ;_font5x7+436
0x81B6	0x3C40 ;_font5x7+438
0x81B8	0x2844 ;_font5x7+440
0x81BA	0x2810 ;_font5x7+442
0x81BC	0x0C44 ;_font5x7+444
0x81BE	0x5050 ;_font5x7+446
0x81C0	0x3C50 ;_font5x7+448
0x81C2	0x6444 ;_font5x7+450
0x81C4	0x4C54 ;_font5x7+452
0x81C6	0x0044 ;_font5x7+454
0x81C8	0x3608 ;_font5x7+456
0x81CA	0x0041 ;_font5x7+458
0x81CC	0x0000 ;_font5x7+460
0x81CE	0x007F ;_font5x7+462
0x81D0	0x0000 ;_font5x7+464
0x81D2	0x3641 ;_font5x7+466
0x81D4	0x0008 ;_font5x7+468
0x81D6	0x0808 ;_font5x7+470
0x81D8	0x1C2A ;_font5x7+472
0x81DA	0x0808 ;_font5x7+474
0x81DC	0x2A1C ;_font5x7+476
0x81DE	0x0808 ;_font5x7+478
; end of _font5x7
;,0 :: _initBlock_1 [40]
; Containing: ?ICS?lstr5_microPiano [19]
;             ?ICS?lstr4_microPiano [21]
0x81E0	0x6F73 ;_initBlock_1+0 : ?ICS?lstr5_microPiano at 0x81E0
0x81E2	0x2D6C ;_initBlock_1+2
0x81E4	0x616C ;_initBlock_1+4
0x81E6	0x732D ;_initBlock_1+6
0x81E8	0x2D69 ;_initBlock_1+8
0x81EA	0x6F64 ;_initBlock_1+10
0x81EC	0x732D ;_initBlock_1+12
0x81EE	0x2D69 ;_initBlock_1+14
0x81F0	0x616C ;_initBlock_1+16
0x81F2	0x6C00 ;_initBlock_1+18 : ?ICS?lstr4_microPiano at 0x81F3
0x81F4	0x2D61 ;_initBlock_1+20
0x81F6	0x6973 ;_initBlock_1+22
0x81F8	0x642D ;_initBlock_1+24
0x81FA	0x2D6F ;_initBlock_1+26
0x81FC	0x6572 ;_initBlock_1+28
0x81FE	0x642D ;_initBlock_1+30
0x8200	0x2D6F ;_initBlock_1+32
0x8202	0x6973 ;_initBlock_1+34
0x8204	0x6C2D ;_initBlock_1+36
0x8206	0x0061 ;_initBlock_1+38
; end of _initBlock_1
;microPiano.c,0 :: ?ICS?lstr3_microPiano [22]
0x8208	0x696D ;?ICS?lstr3_microPiano+0
0x820A	0x662D ;?ICS?lstr3_microPiano+2
0x820C	0x2D61 ;?ICS?lstr3_microPiano+4
0x820E	0x6F73 ;?ICS?lstr3_microPiano+6
0x8210	0x2D6C ;?ICS?lstr3_microPiano+8
0x8212	0x616C ;?ICS?lstr3_microPiano+10
0x8214	0x732D ;?ICS?lstr3_microPiano+12
0x8216	0x2D69 ;?ICS?lstr3_microPiano+14
0x8218	0x6F64 ;?ICS?lstr3_microPiano+16
0x821A	0x732D ;?ICS?lstr3_microPiano+18
0x821C	0x0069 ;?ICS?lstr3_microPiano+20
; end of ?ICS?lstr3_microPiano
;microPiano.c,0 :: ?ICS?lstr2_microPiano [22]
0x821E	0x696D ;?ICS?lstr2_microPiano+0
0x8220	0x662D ;?ICS?lstr2_microPiano+2
0x8222	0x2D61 ;?ICS?lstr2_microPiano+4
0x8224	0x6F73 ;?ICS?lstr2_microPiano+6
0x8226	0x2D6C ;?ICS?lstr2_microPiano+8
0x8228	0x6166 ;?ICS?lstr2_microPiano+10
0x822A	0x6D2D ;?ICS?lstr2_microPiano+12
0x822C	0x2D69 ;?ICS?lstr2_microPiano+14
0x822E	0x6572 ;?ICS?lstr2_microPiano+16
0x8230	0x6D2D ;?ICS?lstr2_microPiano+18
0x8232	0x0069 ;?ICS?lstr2_microPiano+20
; end of ?ICS?lstr2_microPiano
;microPiano.c,0 :: ?ICS?lstr13_microPiano [22]
0x8234	0x7250 ;?ICS?lstr13_microPiano+0
0x8236	0x6A6F ;?ICS?lstr13_microPiano+2
0x8238	0x6365 ;?ICS?lstr13_microPiano+4
0x823A	0x2074 ;?ICS?lstr13_microPiano+6
0x823C	0x7962 ;?ICS?lstr13_microPiano+8
0x823E	0x4220 ;?ICS?lstr13_microPiano+10
0x8240	0x7275 ;?ICS?lstr13_microPiano+12
0x8242	0x6B61 ;?ICS?lstr13_microPiano+14
0x8244	0x4D26 ;?ICS?lstr13_microPiano+16
0x8246	0x6C61 ;?ICS?lstr13_microPiano+18
0x8248	0x0069 ;?ICS?lstr13_microPiano+20
; end of ?ICS?lstr13_microPiano
;microPiano.c,0 :: ?ICS?lstr12_microPiano [16]
0x824A	0x6F53 ;?ICS?lstr12_microPiano+0
0x824C	0x676E ;?ICS?lstr12_microPiano+2
0x824E	0x6920 ;?ICS?lstr12_microPiano+4
0x8250	0x2073 ;?ICS?lstr12_microPiano+6
0x8252	0x6F6C ;?ICS?lstr12_microPiano+8
0x8254	0x6461 ;?ICS?lstr12_microPiano+10
0x8256	0x6E69 ;?ICS?lstr12_microPiano+12
0x8258	0x0067 ;?ICS?lstr12_microPiano+14
; end of ?ICS?lstr12_microPiano
;,0 :: _initBlock_6 [41]
; Containing: ?ICS?lstr1_microPiano [19]
;             ?ICS?lstr11_microPiano [22]
0x825A	0x7241 ;_initBlock_6+0 : ?ICS?lstr1_microPiano at 0x825A
0x825C	0x6974 ;_initBlock_6+2
0x825E	0x206B ;_initBlock_6+4
0x8260	0x6553 ;_initBlock_6+6
0x8262	0x6D76 ;_initBlock_6+8
0x8264	0x7965 ;_initBlock_6+10
0x8266	0x6365 ;_initBlock_6+12
0x8268	0x6765 ;_initBlock_6+14
0x826A	0x6D69 ;_initBlock_6+16
0x826C	0x5700 ;_initBlock_6+18 : ?ICS?lstr11_microPiano at 0x826D
0x826E	0x6C65 ;_initBlock_6+20
0x8270	0x6F63 ;_initBlock_6+22
0x8272	0x656D ;_initBlock_6+24
0x8274	0x7420 ;_initBlock_6+26
0x8276	0x206F ;_initBlock_6+28
0x8278	0x694D ;_initBlock_6+30
0x827A	0x7263 ;_initBlock_6+32
0x827C	0x506F ;_initBlock_6+34
0x827E	0x6169 ;_initBlock_6+36
0x8280	0x6F6E ;_initBlock_6+38
0x8282	0x00 ;_initBlock_6+40
; end of _initBlock_6
Symbol List:
//** Routines locations **
//ADDRESS    SIZE    PROCEDURE
//----------------------------------------------
0x0100      [44]    _Glcd_Set_X
0x012C      [28]    _Glcd_Set_Side
0x0148     [126]    _Glcd_Read_Data
0x01C6       [4]    _Get_Fosc_Per_Cyc
0x01CA      [46]    _Delay_Cyc_Long
0x01F8      [16]    _Glcd_Write_Data
0x0208      [82]    __Divide_32x32
0x025A       [6]    _Get_Fosc_kHz
0x0260     [214]    _Glcd_Write_Char
0x0336      [12]    _Delay_10us
0x0342      [10]    _Delay_500us
0x034C      [18]    __Multiply_32x32
0x035E      [26]    _Glcd_Set_Page
0x0378      [74]    _Button
0x03C2     [158]    _Sound_Play
0x0460      [16]    _delay1
0x0470      [14]    __Lib_Glcd_Strobe
0x047E      [86]    __Lib_Glcd_Write_To_Pins
0x04D4      [78]    _Glcd_Fill
0x0522      [12]    _Delay_1us
0x052E      [76]    _Glcd_Write_Text
0x057A      [90]    _Glcd_Init
0x05D4      [60]    _GLCDWelcome
0x0610      [10]    _clrscr
0x061A     [246]    _startPiano
0x0710      [30]    _Sound_Init
0x072E      [92]    _GLCDFirstSong
0x078A      [56]    _main
//** Variables locations ** 
//ADDRESS    SIZE    VARIABLE
//----------------------------------------------
0x02CA       [0]    GLCD_RW
0x02D4       [0]    GLCD_D7
0x02CA       [0]    GLCD_RS
0x02CA       [0]    GLCD_EN
0x02D4       [0]    GLCD_D6
0x02D4       [0]    GLCD_D3
0x02D4       [0]    GLCD_D2
0x02D4       [0]    GLCD_D5
0x02D4       [0]    GLCD_D4
0x02D2       [0]    GLCD_D0_Direction
0x02D2       [0]    GLCD_D7_Direction
0x02D2       [0]    GLCD_D6_Direction
0x02E4       [2]    TRISG
0x02CE       [2]    PORTC
0x02D2       [0]    GLCD_D5_Direction
0x02D2       [0]    GLCD_D2_Direction
0x02D2       [0]    GLCD_D1_Direction
0x02D2       [0]    GLCD_D4_Direction
0x02D2       [0]    GLCD_D3_Direction
0x02D4       [0]    GLCD_D1
0x08A3       [1]    __Lib_Glcd_fontW
0x08A4       [1]    __Lib_Glcd_fontH
0x02C6       [0]    GLCD_CS2_Direction
0x02CA       [0]    GLCD_RST
0x08A6       [4]    __Lib_Glcd_fontDef
0x08AA       [2]    __Lib_Sound_pinMask1
0x08AC       [2]    __Lib_Sound_pinMask0
0x08AE       [2]    __Lib_Glcd_fontOffset
0x08B0       [2]    __Lib_Sound_soundPortAddr
0x02C6       [0]    GLCD_CS1_Direction
0x02CA       [0]    GLCD_CS2
0x08A5       [1]    __Lib_Glcd_FontInitialized
0x02D4       [0]    GLCD_D0
0x02CA       [0]    GLCD_CS1
0x08B2       [2]    __Lib_Glcd_ExternalFontSet
0x02C6       [0]    GLCD_RS_Direction
0x02C6       [0]    GLCD_RW_Direction
0x02C6       [0]    GLCD_RST_Direction
0x02C6       [0]    GLCD_EN_Direction
0x02A8       [2]    ADPCFG
0x02CA       [0]    LATB1_bit
0x02D2       [0]    TRISD7_bit
0x02CA       [0]    LATB3_bit
0x02CA       [0]    LATB0_bit
0x02D2       [0]    TRISD6_bit
0x02D2       [0]    TRISD3_bit
0x02D2       [0]    TRISD2_bit
0x02D2       [0]    TRISD5_bit
0x02D2       [0]    TRISD4_bit
0x02CA       [0]    LATB2_bit
0x02D4       [0]    RD5_bit
0x02D4       [0]    RD4_bit
0x02D4       [0]    RD7_bit
0x02D4       [0]    RD6_bit
0x02D4       [0]    RD3_bit
0x02D4       [0]    RD0_bit
0x02CA       [0]    LATB5_bit
0x02D4       [0]    RD2_bit
0x02D4       [0]    RD1_bit
0x02D2       [0]    TRISD1_bit
0x02E0       [2]    PORTF
0x02E4       [0]    TRISG0_bit
0x02C6       [0]    TRISB5_bit
0x02C6       [0]    TRISB2_bit
0x02D2       [0]    TRISD0_bit
0x02C6       [0]    TRISB4_bit
0x02C6       [0]    TRISB3_bit
0x02CA       [0]    LATB4_bit
0x02E8       [0]    LATG0_bit
0x02C6       [0]    TRISB0_bit
0x02C6       [0]    TRISB1_bit
0x0800      [19]    ?lstr5_microPiano
0x0813      [21]    ?lstr4_microPiano
0x0828      [22]    ?lstr3_microPiano
0x083E      [22]    ?lstr2_microPiano
0x0854      [22]    ?lstr13_microPiano
0x086A      [16]    ?lstr12_microPiano
0x087A      [19]    ?lstr1_microPiano
0x088D      [22]    ?lstr11_microPiano
0x0014       [1]    FARG_Glcd_Set_X_x_pos
0x0014       [1]    FARG_Glcd_Set_Side_x_pos
0x0014       [4]    FARG_Delay_Cyc_Long_CycNo
0x0014       [1]    FARG_Glcd_Write_Data_ddata
0x0014       [1]    FARG_Glcd_Write_Char_character
0x0016       [1]    FARG_Glcd_Write_Char_x_pos
0x0018       [1]    FARG_Glcd_Write_Char_page_num
0x001A       [1]    FARG_Glcd_Write_Char_color
0x02A8       [2]    ADPCFG
0x02CE       [2]    PORTC
0x02E0       [2]    PORTF
0x02E4       [2]    TRISG
0x0014       [1]    FARG_Glcd_Set_Page_page
0x0014       [2]    FARG_Button_port
0x0016       [2]    FARG_Button_pin
0x0018       [2]    FARG_Button_time_ms
0x001A       [2]    FARG_Button_active_state
0x0014       [2]    FARG_Sound_Play_freq_in_hz
0x0016       [2]    FARG_Sound_Play_duration_ms
0x0014       [1]    FARG___Lib_Glcd_Write_To_Pins_ddata
0x0014       [1]    FARG_Glcd_Fill_pattern
0x0014       [2]    FARG_Glcd_Write_Text_text
0x0016       [1]    FARG_Glcd_Write_Text_x_pos
0x0018       [1]    FARG_Glcd_Write_Text_page_num
0x001A       [1]    FARG_Glcd_Write_Text_color
0x0014       [2]    FARG_Sound_Init_snd_port
0x0016       [2]    FARG_Sound_Init_snd_pin
//** Constants locations ** 
//ADDRESS    SIZE    CONSTANT
//----------------------------------------------
0x8000     [480]    _font5x7
0x81E0      [19]    ?ICS?lstr5_microPiano
0x81F3      [21]    ?ICS?lstr4_microPiano
0x8208      [22]    ?ICS?lstr3_microPiano
0x821E      [22]    ?ICS?lstr2_microPiano
0x8234      [22]    ?ICS?lstr13_microPiano
0x824A      [16]    ?ICS?lstr12_microPiano
0x825A      [19]    ?ICS?lstr1_microPiano
0x826D      [22]    ?ICS?lstr11_microPiano
//** Label List: ** 
//----------------------------------------------
  L_delay0
  L_delay12
  L_M_Open_File_Read4
  L_M_Open_File_Read5
  L_M_Open_File_Read6
  L_startPiano7
  L_startPiano8
  L_startPiano9
  L_startPiano10
  L_startPiano11
  L_startPiano12
  L_startPiano13
  L_startPiano14
  L_startPiano15
  L_startPiano16
  L_startPiano17
  L_startPiano18
  L_startPiano19
  L_startPiano20
  L_startPiano21
  L_startPiano22
  L_startPiano23
  L_startPiano24
  L_startPiano25
  L_startPiano26
  L_startPiano27
  L_startPiano28
  L_startPiano29
  L_startPiano30
  L_startPiano31
  L_startPiano32
  L_startPiano33
  L_startPiano34
  L_startPiano35
  L_end_delay
  _delay
  L_end_delay1
  _delay1
  L_end_clrscr
  _clrscr
  L_end_M_Open_File_Read
  _M_Open_File_Read
  L__M_Open_File_Read40
  L_end_GLCDFirstSong
  _GLCDFirstSong
  L_end_GLCDSecondSong
  _GLCDSecondSong
  L_end_startPiano
  _startPiano
  L__startPiano44
  L__startPiano45
  L__startPiano46
  L__startPiano47
  L__startPiano48
  L__startPiano49
  L__startPiano50
  L__startPiano51
  L__startPiano52
  L_end_GLCDWelcome
  _GLCDWelcome
  L_end_main
  _main
  L__main_end_loop
  L_Button0
  L_Button1
  L_Button2
  L_Button3
  L__Button4
  L__Button5
  L_end_Button
  _Button
  L__Button7
  L__Button8
  L__Button9
  L__Button10
  L__Button11
  Delay_Cyc_loop
  Delay_Cyc_rez
  Label1
  Label2
  Delay_Cyc_loop
  Delay_Cyc_rem
  L_VDelay_ms3
  L_VDelay_ms4
  Label1
  Label2
  Delay_Cyc_loop
  Delay_Cyc_rem
  L_VDelay_Advanced_ms7
  L_VDelay_Advanced_ms8
  Label1
  Label2
  Delay_Cyc_loop
  Delay_Cyc_rem
  L_Delay_1us11
  L_Delay_10us13
  L_Delay_22us15
  L_Delay_50us17
  L_Delay_80us19
  L_Delay_500us21
  L_Delay_5500us23
  L_Delay_1ms25
  L_Delay_5ms27
  L_Delay_8ms29
  L_Delay_10ms31
  L_Delay_100ms33
  L_Delay_1sec35
  L_end_Get_Fosc_kHz
  _Get_Fosc_kHz
  L_end_Get_Fosc_Per_Cyc
  _Get_Fosc_Per_Cyc
  L_end_Delay_Cyc
  _Delay_Cyc
  L_end_Delay_Cyc_Long
  _Delay_Cyc_Long
  L_end_VDelay_ms
  _VDelay_ms
  L_end_VDelay_Advanced_ms
  _VDelay_Advanced_ms
  L_end_Delay_W0
  _Delay_W0
  L_end_Delay_1us
  _Delay_1us
  L_end_Delay_10us
  _Delay_10us
  L_end_Delay_22us
  _Delay_22us
  L_end_Delay_50us
  _Delay_50us
  L_end_Delay_80us
  _Delay_80us
  L_end_Delay_500us
  _Delay_500us
  L_end_Delay_5500us
  _Delay_5500us
  L_end_Delay_1ms
  _Delay_1ms
  L_end_Delay_5ms
  _Delay_5ms
  L_end_Delay_8ms
  _Delay_8ms
  L_end_Delay_10ms
  _Delay_10ms
  L_end_Delay_100ms
  _Delay_100ms
  L_end_Delay_1sec
  _Delay_1sec
  L_Glcd_Set_Side0
  L_Glcd_Set_Side1
  L_Glcd_Fill2
  L_Glcd_Fill3
  L_Glcd_Fill4
  L_Glcd_Fill5
  L_Glcd_Fill6
  L_Glcd_Fill7
  L_Glcd_Fill8
  L_Glcd_Fill9
  L_Glcd_Fill10
  L_Glcd_Fill11
  L_Glcd_Fill12
  L_Glcd_Fill13
  L_Glcd_Write_Char14
  L_Glcd_Write_Char15
  L_Glcd_Write_Char16
  L_Glcd_Write_Char17
  L_Glcd_Write_Char18
  L_Glcd_Write_Char19
  L_Glcd_Write_Char20
  L_Glcd_Write_Char21
  L_Glcd_Write_Char22
  L_Glcd_Write_Char23
  L_Glcd_Write_Char24
  L_Glcd_Write_Char25
  L_Glcd_Write_Char26
  L_Glcd_Write_Char27
  L_Glcd_Write_Text28
  L_Glcd_Write_Text29
  L_Glcd_Write_Text30
  L_Glcd_Write_Const_Text31
  L_Glcd_Write_Const_Text32
  L_Glcd_Write_Const_Text33
  L_Glcd_Dot34
  L_Glcd_Dot35
  L_Glcd_Dot36
  L_Glcd_Dot37
  L_Glcd_Dot38
  L_Glcd_Dot39
  L_Glcd_Dot40
  L_Glcd_Dot41
  L_Glcd_Line42
  L_Glcd_Line43
  L_Glcd_Line44
  L_Glcd_Line45
  L_Glcd_Line46
  L_Glcd_Line47
  L_Glcd_Line48
  L_Glcd_Line49
  L_Glcd_Line50
  L_Glcd_Line51
  L_Glcd_Line52
  L_Glcd_Line53
  L_Glcd_Line54
  L_Glcd_Line55
  L_Glcd_Line56
  L_Glcd_Line57
  L_Glcd_Line58
  L_Glcd_Line59
  L_Glcd_Line60
  L_Glcd_Line61
  L_Glcd_H_Line62
  L_Glcd_H_Line63
  L_Glcd_H_Line64
  L_Glcd_H_Line65
  L_Glcd_H_Line66
  L_Glcd_H_Line67
  L_Glcd_H_Line68
  L_Glcd_H_Line69
  L_Glcd_H_Line70
  L_Glcd_H_Line71
  L_Glcd_V_Line72
  L_Glcd_V_Line73
  L_Glcd_V_Line74
  L_Glcd_V_Line75
  L_Glcd_V_Line76
  L_Glcd_V_Line77
  L_Glcd_V_Line78
  L_Glcd_V_Line79
  L_Glcd_V_Line80
  L_Glcd_V_Line81
  L_Glcd_Circle82
  L_Glcd_Circle83
  L_Glcd_Circle84
  L_Glcd_Circle85
  L_Glcd_Circle_Fill86
  L_Glcd_Circle_Fill87
  L_Glcd_Circle_Fill88
  L_Glcd_Circle_Fill89
  L_Glcd_Circle_Fill90
  L_Glcd_Circle_Fill91
  L_Glcd_Image92
  L_Glcd_Image93
  L_Glcd_Image94
  L_Glcd_Image95
  L_Glcd_Image96
  L_Glcd_Image97
  L_Glcd_Image98
  L_Glcd_Image99
  L_Glcd_Rectangle_Round_Edges100
  L_Glcd_Rectangle_Round_Edges101
  L_Glcd_Rectangle_Round_Edges102
  L_Glcd_Rectangle_Round_Edges103
  L_Glcd_Rectangle_Round_Edges104
  L_Glcd_Rectangle_Round_Edges105
  L_Glcd_Rectangle_Round_Edges106
  L_Glcd_Rectangle_Round_Edges107
  L_Glcd_Rectangle_Round_Edges108
  L_Glcd_Rectangle_Round_Edges109
  L_Glcd_Rectangle_Round_Edges110
  L_Glcd_Rectangle_Round_Edges111
  L_Glcd_Box112
  L_Glcd_Box113
  L_Glcd_Box114
  L_Glcd_Rectangle_Round_Edges_Fill115
  L_Glcd_Rectangle_Round_Edges_Fill116
  L_Glcd_Rectangle_Round_Edges_Fill117
  L_Glcd_Rectangle_Round_Edges_Fill118
  L_Glcd_Rectangle_Round_Edges_Fill119
  L_Glcd_Rectangle_Round_Edges_Fill120
  L_Glcd_Rectangle_Round_Edges_Fill121
  L_Glcd_Rectangle_Round_Edges_Fill122
  L_Glcd_Rectangle_Round_Edges_Fill123
  L_Glcd_Rectangle_Round_Edges_Fill124
  L_Glcd_Rectangle_Round_Edges_Fill125
  L_Glcd_Rectangle_Round_Edges_Fill126
  L_Glcd_PartialImage127
  L_Glcd_PartialImage128
  L_Glcd_PartialImage129
  L_Glcd_PartialImage130
  L_Glcd_PartialImage131
  L_Glcd_PartialImage132
  L_Glcd_PartialImage133
  L_Glcd_PartialImage134
  L_Glcd_PartialImage135
  L_Glcd_PartialImage136
  L_Glcd_PartialImage137
  L_Glcd_PartialImage138
  L_Glcd_PartialImage139
  L_Glcd_PartialImage140
  L_Glcd_PartialImage141
  L_Glcd_PartialImage142
  L_Glcd_PartialImage143
  L_Glcd_PartialImage144
  L_Glcd_PartialImage145
  L_Glcd_PartialImage146
  L_Glcd_PartialImage147
  L_Glcd_PartialImage148
  L_Glcd_PartialImage149
  L_Glcd_PartialImage150
  L_Glcd_PartialImage151
  L_Glcd_PartialImage152
  L_Glcd_PartialImage153
  L_Glcd_PartialImage154
  L_Glcd_PartialImage155
  L___Lib_Glcd__Glcd_getHeader156
  L___Lib_Glcd__Glcd_getHeader157
  L___Lib_Glcd__Glcd_getHeader158
  L___Lib_Glcd__Glcd_getHeader159
  L___Lib_Glcd__Glcd_getHeader160
  L___Lib_Glcd__Glcd_Write_Char_AdvE161
  L___Lib_Glcd__Glcd_Write_Char_AdvE162
  L___Lib_Glcd__Glcd_Write_Char_AdvE163
  L___Lib_Glcd__Glcd_Write_Char_AdvE164
  L___Lib_Glcd__Glcd_Write_Char_AdvE165
  L___Lib_Glcd__Glcd_Write_Char_AdvE166
  L___Lib_Glcd__Glcd_Write_Char_AdvE167
  L___Lib_Glcd__Glcd_Write_Char_AdvE168
  L___Lib_Glcd__Glcd_Write_Char_AdvE169
  L___Lib_Glcd__Glcd_Write_Char_AdvE170
  L___Lib_Glcd__Glcd_Write_Char_AdvE171
  L___Lib_Glcd__Glcd_Write_Char_AdvE172
  L___Lib_Glcd__Glcd_Write_Char_AdvE173
  L___Lib_Glcd__Glcd_Write_Char_AdvE174
  L___Lib_Glcd__Glcd_Write_Char_AdvE175
  L___Lib_Glcd__Glcd_Write_Char_AdvE176
  L___Lib_Glcd__Glcd_Write_Char_AdvE177
  L___Lib_Glcd__Glcd_Write_Char_AdvE178
  L___Lib_Glcd__Glcd_Write_Char_AdvE179
  L___Lib_Glcd__Glcd_Write_Char_AdvE180
  L___Lib_Glcd__Glcd_Write_Char_AdvE181
  L___Lib_Glcd__Glcd_Write_Char_AdvE182
  L___Lib_Glcd__Glcd_Write_Char_AdvE183
  L___Lib_Glcd__Glcd_Write_Char_AdvE184
  L___Lib_Glcd__Glcd_Write_Char_AdvE185
  L___Lib_Glcd__Glcd_Write_Char_Adv186
  L___Lib_Glcd__Glcd_Write_Char_Adv187
  L___Lib_Glcd__Glcd_Write_Char_Adv188
  L___Lib_Glcd__Glcd_Write_Char_Adv189
  L___Lib_Glcd__Glcd_Write_Char_Adv190
  L___Lib_Glcd__Glcd_Write_Char_Adv191
  L___Lib_Glcd__Glcd_Write_Char_Adv192
  L___Lib_Glcd__Glcd_Write_Char_Adv193
  L___Lib_Glcd__Glcd_Write_Char_Adv194
  L___Lib_Glcd__Glcd_Write_Char_Adv195
  L___Lib_Glcd__Glcd_Write_Char_Adv196
  L___Lib_Glcd__Glcd_Write_Char_Adv197
  L___Lib_Glcd__Glcd_Write_Char_Adv198
  L___Lib_Glcd__Glcd_Write_Char_Adv199
  L___Lib_Glcd__Glcd_Write_Char_Adv200
  L___Lib_Glcd__Glcd_Write_Char_Adv201
  L___Lib_Glcd__Glcd_Write_Char_Adv202
  L___Lib_Glcd__Glcd_Write_Char_Adv203
  L___Lib_Glcd__Glcd_Write_Char_Adv204
  L___Lib_Glcd__Glcd_Write_Char_Adv205
  L___Lib_Glcd__Glcd_Write_Char_Adv206
  L___Lib_Glcd__Glcd_Write_Char_Return_Pos207
  L___Lib_Glcd__Glcd_Write_Char_Return_Pos208
  L___Lib_Glcd__Glcd_Write_Char_Return_Pos209
  L___Lib_Glcd__Glcd_Write_Char_Return_Pos210
  L___Lib_Glcd__Glcd_Write_Char_Return_Pos211
  L___Lib_Glcd__Glcd_Write_Char_Return_Pos212
  L___Lib_Glcd__Glcd_Write_Char_Return_Pos213
  L___Lib_Glcd__Glcd_Write_Char_Return_Pos214
  L___Lib_Glcd__Glcd_Write_Char_Return_Pos215
  L___Lib_Glcd__Glcd_Write_Char_Return_Pos216
  L___Lib_Glcd__Glcd_Write_Char_Return_Pos217
  L___Lib_Glcd__Glcd_Write_Char_Return_Pos218
  L___Lib_Glcd__Glcd_Write_Char_Return_Pos219
  L___Lib_Glcd__Glcd_Write_Char_Return_Pos220
  L___Lib_Glcd__Glcd_Write_Char_Return_Pos221
  L___Lib_Glcd__Glcd_Write_Char_Return_Pos222
  L___Lib_Glcd__Glcd_Write_Char_Return_Pos223
  L___Lib_Glcd__Glcd_Write_Char_Return_Pos224
  L___Lib_Glcd__Glcd_Write_Char_Return_Pos225
  L___Lib_Glcd__Glcd_Write_Char_Return_Pos226
  L___Lib_Glcd__Glcd_Write_Char_Return_Pos227
  L___Lib_Glcd__Glcd_Write_Char_Return_Pos228
  L___Lib_Glcd__Glcd_Write_Char_Return_Pos229
  L___Lib_Glcd__Glcd_Write_Char_Return_Pos230
  L___Lib_Glcd__Glcd_Write_Char_Return_Pos231
  L___Lib_Glcd__Glcd_Write_Char_Return_Pos232
  L___Lib_Glcd__Glcd_Write_Char_Return_Pos233
  L___Lib_Glcd__Glcd_Write_Char_Return_Pos234
  L___Lib_Glcd__Glcd_Write_Char_Return_Pos235
  L___Lib_Glcd__Glcd_Write_Char_Return_PosE236
  L___Lib_Glcd__Glcd_Write_Char_Return_PosE237
  L___Lib_Glcd__Glcd_Write_Char_Return_PosE238
  L___Lib_Glcd__Glcd_Write_Char_Return_PosE239
  L___Lib_Glcd__Glcd_Write_Char_Return_PosE240
  L___Lib_Glcd__Glcd_Write_Char_Return_PosE241
  L___Lib_Glcd__Glcd_Write_Char_Return_PosE242
  L___Lib_Glcd__Glcd_Write_Char_Return_PosE243
  L___Lib_Glcd__Glcd_Write_Char_Return_PosE244
  L___Lib_Glcd__Glcd_Write_Char_Return_PosE245
  L___Lib_Glcd__Glcd_Write_Char_Return_PosE246
  L___Lib_Glcd__Glcd_Write_Char_Return_PosE247
  L___Lib_Glcd__Glcd_Write_Char_Return_PosE248
  L___Lib_Glcd__Glcd_Write_Char_Return_PosE249
  L___Lib_Glcd__Glcd_Write_Char_Return_PosE250
  L___Lib_Glcd__Glcd_Write_Char_Return_PosE251
  L___Lib_Glcd__Glcd_Write_Char_Return_PosE252
  L___Lib_Glcd__Glcd_Write_Char_Return_PosE253
  L___Lib_Glcd__Glcd_Write_Char_Return_PosE254
  L___Lib_Glcd__Glcd_Write_Char_Return_PosE255
  L___Lib_Glcd__Glcd_Write_Char_Return_PosE256
  L___Lib_Glcd__Glcd_Write_Char_Return_PosE257
  L___Lib_Glcd__Glcd_Write_Char_Return_PosE258
  L___Lib_Glcd__Glcd_Write_Char_Return_PosE259
  L___Lib_Glcd__Glcd_Write_Char_Return_PosE260
  L___Lib_Glcd__Glcd_Write_Char_Return_PosE261
  L___Lib_Glcd__Glcd_Write_Char_Return_PosE262
  L___Lib_Glcd__Glcd_Write_Char_Return_PosE263
  L_Glcd_Write_Text_Return_Pos264
  L_Glcd_Write_Text_Return_Pos265
  L_Glcd_Write_Text_Return_Pos266
  L_Glcd_Write_Text_Return_Pos267
  L_Glcd_Write_Text_Return_Pos268
  L_Glcd_Write_Text_Return_Pos269
  L_Glcd_Write_Const_Text_Return_Pos270
  L_Glcd_Write_Const_Text_Return_Pos271
  L_Glcd_Write_Const_Text_Return_Pos272
  L_Glcd_Write_Const_Text_Return_Pos273
  L_Glcd_Write_Const_Text_Return_Pos274
  L_Glcd_Write_Const_Text_Return_Pos275
  L_Glcd_Write_Char_Adv276
  L_Glcd_Write_Char_Adv277
  L_Glcd_Write_Char_Adv278
  L_Glcd_Write_Char_Adv279
  L_Glcd_Write_Text_Adv280
  L_Glcd_Write_Text_Adv281
  L_Glcd_Write_Text_Adv282
  L_Glcd_Write_Text_Adv283
  L_Glcd_Write_Text_Adv284
  L_Glcd_Write_Text_Adv285
  L_Glcd_Write_Const_Text_Adv286
  L_Glcd_Write_Const_Text_Adv287
  L_Glcd_Write_Const_Text_Adv288
  L_Glcd_Write_Const_Text_Adv289
  L_Glcd_Write_Const_Text_Adv290
  L_Glcd_Write_Const_Text_Adv291
  L_Glcd_Ext_Image292
  L_Glcd_Ext_Image293
  L_Glcd_Ext_Image294
  L_Glcd_Ext_Image295
  L_Glcd_Ext_Image296
  L_Glcd_Ext_Image297
  L_Glcd_Ext_Image298
  L_Glcd_Ext_Image299
  L_Glcd_Ext_Image300
  L_Glcd_Ext_Image301
  L_Glcd_Ext_PartialImage302
  L_Glcd_Ext_PartialImage303
  L_Glcd_Ext_PartialImage304
  L_Glcd_Ext_PartialImage305
  L_Glcd_Ext_PartialImage306
  L_Glcd_Ext_PartialImage307
  L_Glcd_Ext_PartialImage308
  L_Glcd_Ext_PartialImage309
  L_Glcd_Ext_PartialImage310
  L_Glcd_Ext_PartialImage311
  L_Glcd_Ext_PartialImage312
  L_Glcd_Ext_PartialImage313
  L_Glcd_Ext_PartialImage314
  L_Glcd_Ext_PartialImage315
  L_Glcd_Ext_PartialImage316
  L_Glcd_Ext_PartialImage317
  L_Glcd_Ext_PartialImage318
  L_Glcd_Ext_PartialImage319
  L_Glcd_Ext_PartialImage320
  L_Glcd_Ext_PartialImage321
  L_Glcd_Ext_PartialImage322
  L_Glcd_Ext_PartialImage323
  L_Glcd_Ext_PartialImage324
  L_Glcd_Ext_PartialImage325
  L_Glcd_Ext_PartialImage326
  L_Glcd_Ext_PartialImage327
  L_Glcd_Ext_PartialImage328
  L_Glcd_Ext_PartialImage329
  L_Glcd_Ext_PartialImage330
  L_Glcd_Ext_PartialImage331
  L_Glcd_Ext_PartialImage332
  L_Glcd_Ext_PartialImage333
  L_Glcd_Ext_PartialImage334
  L_Glcd_Ext_PartialImage335
  L_Glcd_Ext_PartialImage336
  L_Glcd_Ext_PartialImage337
  L_Glcd_Ext_PartialImage338
  L_Glcd_Ext_PartialImage339
  L__Glcd_Dot340
  L__Glcd_Dot341
  L__Glcd_Dot342
  L__Glcd_Dot343
  L__Glcd_Dot344
  L__Glcd_Line345
  L__Glcd_Line346
  L__Glcd_H_Line347
  L__Glcd_H_Line348
  L__Glcd_H_Line349
  L__Glcd_V_Line350
  L__Glcd_V_Line351
  L__Glcd_V_Line352
  L__Glcd_PartialImage353
  L__Glcd_PartialImage354
  L__Glcd_PartialImage355
  L__Glcd_PartialImage356
  L__Glcd_PartialImage357
  L__Glcd_PartialImage358
  L__Glcd_PartialImage359
  L__Glcd_PartialImage360
  L__Glcd_PartialImage361
  L__Glcd_PartialImage362
  L__Glcd_PartialImage363
  L__Glcd_PartialImage364
  L__Glcd_PartialImage365
  L__Glcd_PartialImage366
  L___Lib_Glcd__Glcd_Write_Char_AdvE367
  L___Lib_Glcd__Glcd_Write_Char_AdvE368
  L__Glcd_Ext_PartialImage369
  L__Glcd_Ext_PartialImage370
  L__Glcd_Ext_PartialImage371
  L__Glcd_Ext_PartialImage372
  L__Glcd_Ext_PartialImage373
  L__Glcd_Ext_PartialImage374
  L__Glcd_Ext_PartialImage375
  L__Glcd_Ext_PartialImage376
  L__Glcd_Ext_PartialImage377
  L__Glcd_Ext_PartialImage378
  L__Glcd_Ext_PartialImage379
  L__Glcd_Ext_PartialImage380
  L__Glcd_Ext_PartialImage381
  L__Glcd_Ext_PartialImage382
  L__Glcd_Ext_PartialImage383
  L__Glcd_Ext_PartialImage384
  L__Glcd_Ext_PartialImage385
  L__Glcd_Ext_PartialImage386
  L__Glcd_Ext_PartialImage387
  L__Glcd_Ext_PartialImage388
  L__Glcd_Ext_PartialImage389
  L__Glcd_Ext_PartialImage390
  L__Glcd_Ext_PartialImage391
  L_end_Write_To_Pins
  __Lib_Glcd_Write_To_Pins
  L_end_Strobe
  __Lib_Glcd_Strobe
  L_end_Glcd_Set_Page
  _Glcd_Set_Page
  L_end_Glcd_Set_Side
  _Glcd_Set_Side
  L_end_Glcd_Set_X
  _Glcd_Set_X
  L_end_Glcd_Read_Data
  _Glcd_Read_Data
  L_end_Glcd_Write_Data
  _Glcd_Write_Data
  L_end_Glcd_Fill
  _Glcd_Fill
  L__Glcd_Fill400
  L__Glcd_Fill401
  L__Glcd_Fill402
  L__Glcd_Fill403
  L_end_Glcd_Init
  _Glcd_Init
  L_end_Glcd_Set_Font
  _Glcd_Set_Font
  L_end_Glcd_Write_Char
  _Glcd_Write_Char
  L__Glcd_Write_Char407
  L__Glcd_Write_Char408
  L__Glcd_Write_Char409
  L__Glcd_Write_Char410
  L__Glcd_Write_Char411
  L__Glcd_Write_Char412
  L__Glcd_Write_Char413
  L__Glcd_Write_Char414
  L_end_Glcd_Write_Text
  _Glcd_Write_Text
  L__Glcd_Write_Text416
  L__Glcd_Write_Text417
  L_end_Glcd_Write_Const_Text
  _Glcd_Write_Const_Text
  L__Glcd_Write_Const_Text419
  L__Glcd_Write_Const_Text420
  L_end_Glcd_Dot
  _Glcd_Dot
  L__Glcd_Dot422
  L__Glcd_Dot423
  L__Glcd_Dot424
  L__Glcd_Dot425
  L__Glcd_Dot426
  L__Glcd_Dot427
  L__Glcd_Dot428
  L_end_Glcd_Line
  _Glcd_Line
  L__Glcd_Line430
  L__Glcd_Line431
  L__Glcd_Line432
  L__Glcd_Line433
  L__Glcd_Line434
  L__Glcd_Line435
  L__Glcd_Line436
  L__Glcd_Line437
  L__Glcd_Line438
  L__Glcd_Line439
  L__Glcd_Line440
  L__Glcd_Line441
  L__Glcd_Line442
  L__Glcd_Line443
  L__Glcd_Line444
  L_end_Glcd_H_Line
  _Glcd_H_Line
  L__Glcd_H_Line446
  L__Glcd_H_Line447
  L__Glcd_H_Line448
  L__Glcd_H_Line449
  L__Glcd_H_Line450
  L__Glcd_H_Line451
  L__Glcd_H_Line452
  L__Glcd_H_Line453
  L_end_Glcd_V_Line
  _Glcd_V_Line
  L__Glcd_V_Line455
  L__Glcd_V_Line456
  L__Glcd_V_Line457
  L__Glcd_V_Line458
  L__Glcd_V_Line459
  L__Glcd_V_Line460
  L__Glcd_V_Line461
  L__Glcd_V_Line462
  L_end_Glcd_Circle
  _Glcd_Circle
  L__Glcd_Circle464
  L__Glcd_Circle465
  L_end_Glcd_Circle_Fill
  _Glcd_Circle_Fill
  L__Glcd_Circle_Fill467
  L__Glcd_Circle_Fill468
  L__Glcd_Circle_Fill469
  L__Glcd_Circle_Fill470
  L_end_Glcd_Image
  _Glcd_Image
  L__Glcd_Image472
  L__Glcd_Image473
  L__Glcd_Image474
  L_end_Glcd_Rectangle
  _Glcd_Rectangle
  L_end_Glcd_Rectangle_Round_Edges
  _Glcd_Rectangle_Round_Edges
  L__Glcd_Rectangle_Round_Edges477
  L__Glcd_Rectangle_Round_Edges478
  L__Glcd_Rectangle_Round_Edges479
  L__Glcd_Rectangle_Round_Edges480
  L__Glcd_Rectangle_Round_Edges481
  L__Glcd_Rectangle_Round_Edges482
  L__Glcd_Rectangle_Round_Edges483
  L__Glcd_Rectangle_Round_Edges484
  L_end_Glcd_Box
  _Glcd_Box
  L__Glcd_Box486
  L_end_Glcd_Rectangle_Round_Edges_Fill
  _Glcd_Rectangle_Round_Edges_Fill
  L__Glcd_Rectangle_Round_Edges_Fill488
  L__Glcd_Rectangle_Round_Edges_Fill489
  L__Glcd_Rectangle_Round_Edges_Fill490
  L__Glcd_Rectangle_Round_Edges_Fill491
  L__Glcd_Rectangle_Round_Edges_Fill492
  L__Glcd_Rectangle_Round_Edges_Fill493
  L__Glcd_Rectangle_Round_Edges_Fill494
  L__Glcd_Rectangle_Round_Edges_Fill495
  L_end_Glcd_PartialImage
  _Glcd_PartialImage
  L__Glcd_PartialImage497
  L__Glcd_PartialImage498
  L__Glcd_PartialImage499
  L__Glcd_PartialImage500
  L__Glcd_PartialImage501
  L__Glcd_PartialImage502
  L__Glcd_PartialImage503
  L__Glcd_PartialImage504
  L__Glcd_PartialImage505
  L__Glcd_PartialImage506
  L__Glcd_PartialImage507
  L__Glcd_PartialImage508
  L__Glcd_PartialImage509
  L__Glcd_PartialImage510
  L__Glcd_PartialImage511
  L__Glcd_PartialImage512
  L__Glcd_PartialImage513
  L_end_Glcd_Set_Ext_Buffer
  _Glcd_Set_Ext_Buffer
  L_end__Glcd_getHeader
  __Lib_Glcd__Glcd_getHeader
  L___Lib_Glcd__Glcd_getHeader516
  L___Lib_Glcd__Glcd_getHeader517
  L_end_Glcd_Set_Font_Adv
  _Glcd_Set_Font_Adv
  L_end_Glcd_Set_Ext_Font_Adv
  _Glcd_Set_Ext_Font_Adv
  L_end__Glcd_Write_Char_AdvE
  __Lib_Glcd__Glcd_Write_Char_AdvE
  L___Lib_Glcd__Glcd_Write_Char_AdvE521
  L___Lib_Glcd__Glcd_Write_Char_AdvE522
  L___Lib_Glcd__Glcd_Write_Char_AdvE523
  L___Lib_Glcd__Glcd_Write_Char_AdvE524
  L___Lib_Glcd__Glcd_Write_Char_AdvE525
  L___Lib_Glcd__Glcd_Write_Char_AdvE526
  L___Lib_Glcd__Glcd_Write_Char_AdvE527
  L___Lib_Glcd__Glcd_Write_Char_AdvE528
  L___Lib_Glcd__Glcd_Write_Char_AdvE529
  L___Lib_Glcd__Glcd_Write_Char_AdvE530
  L___Lib_Glcd__Glcd_Write_Char_AdvE531
  L___Lib_Glcd__Glcd_Write_Char_AdvE532
  L___Lib_Glcd__Glcd_Write_Char_AdvE533
  L___Lib_Glcd__Glcd_Write_Char_AdvE534
  L___Lib_Glcd__Glcd_Write_Char_AdvE535
  L___Lib_Glcd__Glcd_Write_Char_AdvE536
  L_end__Glcd_Write_Char_Adv
  __Lib_Glcd__Glcd_Write_Char_Adv
  L___Lib_Glcd__Glcd_Write_Char_Adv538
  L___Lib_Glcd__Glcd_Write_Char_Adv539
  L___Lib_Glcd__Glcd_Write_Char_Adv540
  L___Lib_Glcd__Glcd_Write_Char_Adv541
  L___Lib_Glcd__Glcd_Write_Char_Adv542
  L___Lib_Glcd__Glcd_Write_Char_Adv543
  L___Lib_Glcd__Glcd_Write_Char_Adv544
  L___Lib_Glcd__Glcd_Write_Char_Adv545
  L___Lib_Glcd__Glcd_Write_Char_Adv546
  L___Lib_Glcd__Glcd_Write_Char_Adv547
  L___Lib_Glcd__Glcd_Write_Char_Adv548
  L___Lib_Glcd__Glcd_Write_Char_Adv549
  L_end__Glcd_Write_Char_Return_Pos
  __Lib_Glcd__Glcd_Write_Char_Return_Pos
  L___Lib_Glcd__Glcd_Write_Char_Return_Pos551
  L___Lib_Glcd__Glcd_Write_Char_Return_Pos552
  L___Lib_Glcd__Glcd_Write_Char_Return_Pos553
  L___Lib_Glcd__Glcd_Write_Char_Return_Pos554
  L___Lib_Glcd__Glcd_Write_Char_Return_Pos555
  L___Lib_Glcd__Glcd_Write_Char_Return_Pos556
  L___Lib_Glcd__Glcd_Write_Char_Return_Pos557
  L___Lib_Glcd__Glcd_Write_Char_Return_Pos558
  L___Lib_Glcd__Glcd_Write_Char_Return_Pos559
  L___Lib_Glcd__Glcd_Write_Char_Return_Pos560
  L___Lib_Glcd__Glcd_Write_Char_Return_Pos561
  L___Lib_Glcd__Glcd_Write_Char_Return_Pos562
  L___Lib_Glcd__Glcd_Write_Char_Return_Pos563
  L___Lib_Glcd__Glcd_Write_Char_Return_Pos564
  L___Lib_Glcd__Glcd_Write_Char_Return_Pos565
  L___Lib_Glcd__Glcd_Write_Char_Return_Pos566
  L_end__Glcd_Write_Char_Return_PosE
  __Lib_Glcd__Glcd_Write_Char_Return_PosE
  L___Lib_Glcd__Glcd_Write_Char_Return_PosE568
  L___Lib_Glcd__Glcd_Write_Char_Return_PosE569
  L___Lib_Glcd__Glcd_Write_Char_Return_PosE570
  L___Lib_Glcd__Glcd_Write_Char_Return_PosE571
  L___Lib_Glcd__Glcd_Write_Char_Return_PosE572
  L___Lib_Glcd__Glcd_Write_Char_Return_PosE573
  L___Lib_Glcd__Glcd_Write_Char_Return_PosE574
  L___Lib_Glcd__Glcd_Write_Char_Return_PosE575
  L___Lib_Glcd__Glcd_Write_Char_Return_PosE576
  L___Lib_Glcd__Glcd_Write_Char_Return_PosE577
  L___Lib_Glcd__Glcd_Write_Char_Return_PosE578
  L___Lib_Glcd__Glcd_Write_Char_Return_PosE579
  L___Lib_Glcd__Glcd_Write_Char_Return_PosE580
  L___Lib_Glcd__Glcd_Write_Char_Return_PosE581
  L___Lib_Glcd__Glcd_Write_Char_Return_PosE582
  L_end_Glcd_Move_Cursor
  __Lib_Glcd_Glcd_Move_Cursor
  L_end_Glcd_Write_Text_Return_Pos
  _Glcd_Write_Text_Return_Pos
  L__Glcd_Write_Text_Return_Pos585
  L__Glcd_Write_Text_Return_Pos586
  L__Glcd_Write_Text_Return_Pos587
  L__Glcd_Write_Text_Return_Pos588
  L_end_Glcd_Write_Const_Text_Return_Pos
  _Glcd_Write_Const_Text_Return_Pos
  L__Glcd_Write_Const_Text_Return_Pos590
  L__Glcd_Write_Const_Text_Return_Pos591
  L__Glcd_Write_Const_Text_Return_Pos592
  L__Glcd_Write_Const_Text_Return_Pos593
  L_end_Glcd_Write_Char_Adv
  _Glcd_Write_Char_Adv
  L__Glcd_Write_Char_Adv595
  L__Glcd_Write_Char_Adv596
  L__Glcd_Write_Char_Adv597
  L_end_Glcd_Write_Text_Adv
  _Glcd_Write_Text_Adv
  L__Glcd_Write_Text_Adv599
  L__Glcd_Write_Text_Adv600
  L__Glcd_Write_Text_Adv601
  L__Glcd_Write_Text_Adv602
  L_end_Glcd_Write_Const_Text_Adv
  _Glcd_Write_Const_Text_Adv
  L__Glcd_Write_Const_Text_Adv604
  L__Glcd_Write_Const_Text_Adv605
  L__Glcd_Write_Const_Text_Adv606
  L__Glcd_Write_Const_Text_Adv607
  L_end_Glcd_Ext_Image
  _Glcd_Ext_Image
  L__Glcd_Ext_Image609
  L__Glcd_Ext_Image610
  L__Glcd_Ext_Image611
  L__Glcd_Ext_Image612
  L__Glcd_Ext_Image613
  L_end_Glcd_Ext_PartialImage
  _Glcd_Ext_PartialImage
  L__Glcd_Ext_PartialImage615
  L__Glcd_Ext_PartialImage616
  L__Glcd_Ext_PartialImage617
  L__Glcd_Ext_PartialImage618
  L__Glcd_Ext_PartialImage619
  L__Glcd_Ext_PartialImage620
  L__Glcd_Ext_PartialImage621
  L__Glcd_Ext_PartialImage622
  L__Glcd_Ext_PartialImage623
  L__Glcd_Ext_PartialImage624
  L__Glcd_Ext_PartialImage625
  L__Glcd_Ext_PartialImage626
  L__Glcd_Ext_PartialImage627
  L__Glcd_Ext_PartialImage628
  L__Glcd_Ext_PartialImage629
  L__Glcd_Ext_PartialImage630
  L__Glcd_Ext_PartialImage631
  L__Glcd_Ext_PartialImage632
  L__Glcd_Ext_PartialImage633
  L__Glcd_Ext_PartialImage634
  L__Glcd_Ext_PartialImage635
  L__Glcd_Ext_PartialImage636
  L__Glcd_Ext_PartialImage637
  Divide_32x32___testsus
  the_end_Divide_32x32
  Divide_32x32___divsi3
  Divide_32x32___udivsi3
  Divide_32x32_divtestb
  Divide_32x32_calcquot
  Divide_32x32_returnq
  Divide_32x32_nextbit
  Divide_32x32_iterate
  Modulus_32x32___testsus
  the_end_Modulus_32x32
  Modulus_32x32___modsi3
  Modulus_32x32___umodsi3
  Modulus_32x32_modtestb
  Modulus_32x32_calcrem
  Modulus_32x32_exitr
  Modulus_32x32___udivsi3
  Modulus_32x32_nextbit
  Modulus_32x32_iterate
  L_end__Multiply_32x32
  __Multiply_32x32
  L_end__Divide_32x32
  __Divide_32x32
  L_end__Modulus_32x32
  __Modulus_32x32
  L_Sound_Play0
  L_Sound_Play1
  L_end_Sound_Init
  _Sound_Init
  L_end_Sound_Play
  _Sound_Play
  L__Sound_Play4
